MPASM  5.51                        TAREA4.ASM   5-21-2014  0:57:11         PAGE  1


LOC  OBJECT CODE     LINE SOURCE TEXT
  VALUE

                      00001 #INCLUDE "P16F877A.INC"
                      00001         LIST
                      00002 
                      00003 ;==========================================================================
                      00004 ;  MPASM PIC16F877A processor include
                      00005 ; 
                      00006 ;  (c) Copyright 1999-2013 Microchip Technology, All rights reserved
                      00007 ;==========================================================================
                      00008 
                      00566         LIST
                      00002 
  00000020            00003 CUENTA1 EQU     0X20
  00000021            00004 CUENTA2 EQU     0X21
  00000022            00005 VECES   EQU 0X22
  00000023            00006 P1              EQU     0X23
  00000024            00007 P2              EQU     0X24
  00000025            00008 TEMP_W  EQU     0X25
  00000026            00009 TEMP_STATUS     EQU     0X26
  00000027            00010 INTERRUPCION    EQU     0X27
                      00011 
                      00012 
                      00013         ORG 0X00
0000   2???           00014         GOTO CONFIGURACION
                      00015         
                      00016         ORG 0X04
0004   00A5           00017         MOVWF   TEMP_W          ;***************************
0005   0E03           00018         SWAPF   STATUS,W        ;SE GUARDA W Y STATUS
0006   00A6           00019         MOVWF   TEMP_STATUS     ;*****************************
                      00020 
0007   1283 1303      00021         BANKSEL PORTA
0009   1427           00022         BSF             INTERRUPCION,0
000A   110B           00023         BCF             INTCON,2
000B   3008           00024         MOVLW   D'8'
000C   0081           00025         MOVWF   TMR0    
                      00026 
000D   0E26           00027         SWAPF   TEMP_STATUS,W   ;**************************************
000E   0083           00028         MOVWF   STATUS                  ;SE RECUPERA W Y STATUS
000F   0EA5           00029         SWAPF   TEMP_W,F                ;
0010   0E25           00030         SWAPF   TEMP_W,W                ;**************************************
                      00031 
0011   0009           00032         RETFIE
                      00033 
0012                  00034 CONFIGURACION:
                      00035         ;INTERRUPCIONES
0012   1683 1303      00036         BANKSEL TRISB
0014   30A0           00037         MOVLW   B'10100000'; HABILITO LAS INTERRUPCIONES GLOBALES,DESHABILITO LAS INTERRUPCIONES POR PER
                            IFERICOS HABILITO LAS INTERRUPCIONES POR DESBORDE DE TMR0
0015   008B           00038         MOVWF   INTCON          ;DESHABILITO LAS DE MAS INTERRUPCIONES Y SE PONENE LAS BANDERAS A 0
                      00039         ;PUERTOS
0016   3080           00040         MOVLW   0X80    ;DEJO AL BIT 7 COMO ENTRADA Y EL RESTO COMO SALIDA
Message[302]: Register in operand not in bank 0.  Ensure that bank bits are correct.
0017   0086           00041         MOVWF   TRISB   
                      00042         ;TEMPORIZAR CON TMR0
MPASM  5.51                        TAREA4.ASM   5-21-2014  0:57:11         PAGE  2


LOC  OBJECT CODE     LINE SOURCE TEXT
  VALUE

0018   3081           00043         MOVLW   B'10000001'
Message[302]: Register in operand not in bank 0.  Ensure that bank bits are correct.
0019   0081           00044         MOVWF   OPTION_REG
001A   1283 1303      00045         BANKSEL PORTA
001C   3008           00046         MOVLW   D'8'
001D   0081           00047         MOVWF   TMR0    
                      00048         
001E                  00049 INICIO:
001E   300F           00050         MOVLW   D'15'
001F   00A0           00051         MOVWF   CUENTA1
0020   3003           00052         MOVLW   D'3'
0021   00A1           00053         MOVWF   CUENTA2
0022   300B           00054         MOVLW   D'11'
0023   00A2           00055         MOVWF   VECES
0024   01A3           00056         CLRF    P1
0025   01A4           00057         CLRF    P2
0026                  00058 SIGO:
0026   0823           00059         MOVF    P1,W    ;SUMO LOS PUNTEROS PARA MOVERSE EN LA TABLA
0027   0724           00060         ADDWF   P2,W    ;
0028   2???           00061         CALL    TABLA   
0029   0086           00062         MOVWF   PORTB
002A   0AA4           00063         INCF    P2,F    
002B   2???           00064         CALL    ESPERA  ;ESPERA HASTA QUE SE PRODUZCA LA INTERRUPCION
002C   0BA1           00065         DECFSZ  CUENTA2,F       ;CUENTA QUE SE AVANCE SOLO 3 POSICIONES EN LA TABLA
002D   2???           00066         GOTO    SIGO            
002E   01A4           00067         CLRF    P2
002F   0BA2           00068         DECFSZ  VECES,F         ; CUENTA QUE LAS 3 POSICIONES ANTERIORES SE REPITAN EN TOTAL 11 CADA UNA
0030   2???           00069         GOTO    SIGO
0031   300B           00070         MOVLW   D'11'
0032   00A2           00071         MOVWF   VECES
0033   3003           00072         MOVLW   D'3'
0034   07A3           00073         ADDWF   P1,F
0035   01A4           00074         CLRF    P2
Message[305]: Using default destination of 1 (file).
0036   0BA0           00075         DECFSZ  CUENTA1         ;CUENTA QUE SE AVANZE DE A 3 POSICIONES HASTA EL FINAL DE 0 A 15
0037   2???           00076         GOTO    SIGO
0038   2???           00077         GOTO    INICIO          ;CUANDO EL LED ENCENDIDO FUE Y VOLVIO SE COMIENZA DE NUEVO
                      00078 
0039                  00079 TABLA:
0039   0782           00080         ADDWF   PCL,F
                      00081         
003A   34BF           00082         RETLW   B'10111111'
003B   34BF           00083         RETLW   B'10111111'
003C   34BF           00084         RETLW   B'10111111'
                      00085 
003D   34DF           00086         RETLW   B'11011111'
003E   349F           00087         RETLW   B'10011111'
003F   349F           00088         RETLW   B'10011111'
                      00089 
0040   34EF           00090         RETLW   B'11101111'
0041   34CF           00091         RETLW   B'11001111'
0042   348F           00092         RETLW   B'10001111'
                      00093         
MPASM  5.51                        TAREA4.ASM   5-21-2014  0:57:11         PAGE  3


LOC  OBJECT CODE     LINE SOURCE TEXT
  VALUE

0043   34F7           00094         RETLW   B'11110111'
0044   34E7           00095         RETLW   B'11100111'
0045   34C7           00096         RETLW   B'11000111'
                      00097 
0046   34FB           00098         RETLW   B'11111011'
0047   34F3           00099         RETLW   B'11110011'
0048   34E3           00100         RETLW   B'11100011'
                      00101         
0049   34FD           00102         RETLW   B'11111101'
004A   34F9           00103         RETLW   B'11111001'
004B   34F1           00104         RETLW   B'11110001'
                      00105         
004C   34FE           00106         RETLW   B'11111110'
004D   34FC           00107         RETLW   B'11111100'
004E   34F8           00108         RETLW   B'11111000'
                      00109 
004F   34FE           00110         RETLW   B'11111110'
0050   34FE           00111         RETLW   B'11111110'
0051   34FC           00112         RETLW   B'11111100'
                      00113 
0052   34FE           00114         RETLW   B'11111110'
0053   34FE           00115         RETLW   B'11111110'
0054   34FE           00116         RETLW   B'11111110'
                      00117         
0055   34FD           00118         RETLW   B'11111101'
0056   34FC           00119         RETLW   B'11111100'
0057   34FC           00120         RETLW   B'11111100'
                      00121 
0058   34FB           00122         RETLW   B'11111011'
0059   34F9           00123         RETLW   B'11111001'
005A   34F8           00124         RETLW   B'11111000'
                      00125 
005B   34F7           00126         RETLW   B'11110111'
005C   34F3           00127         RETLW   B'11110011'
005D   34F1           00128         RETLW   B'11110001'
                      00129         
005E   34EF           00130         RETLW   B'11101111'
005F   34E7           00131         RETLW   B'11100111'
0060   34E3           00132         RETLW   B'11100011'
                      00133 
0061   34DF           00134         RETLW   B'11011111'
0062   34CF           00135         RETLW   B'11001111'
0063   34C7           00136         RETLW   B'11000111'
                      00137 
0064   34BF           00138         RETLW   B'10111111'
0065   349F           00139         RETLW   B'10011111'
0066   348F           00140         RETLW   B'10001111'
                      00141 
0067   34BF           00142         RETLW   B'10111111'
0068   34BF           00143         RETLW   B'10111111'
0069   349F           00144         RETLW   B'10011111'
                      00145 
006A                  00146 ESPERA:; ; SE ESPERA A QUE SE PRODUZCA INTERRUPCION POR DESBORDAMIENTO DE TMR0
MPASM  5.51                        TAREA4.ASM   5-21-2014  0:57:11         PAGE  4


LOC  OBJECT CODE     LINE SOURCE TEXT
  VALUE

006A   1C27           00147         BTFSS   INTERRUPCION,0
006B   2???           00148         GOTO    ESPERA
006C   1027           00149         BCF             INTERRUPCION,0
006D   0008           00150         RETURN
                      00151 
                      00152         END
MPASM  5.51                        TAREA4.ASM   5-21-2014  0:57:11         PAGE  5


SYMBOL TABLE
  LABEL                             VALUE 

ACKDT                             00000005
ACKEN                             00000004
ACKSTAT                           00000006
ADCON0                            0000001F
ADCON1                            0000009F
ADCS0                             00000006
ADCS1                             00000007
ADCS2                             00000006
ADDEN                             00000003
ADFM                              00000007
ADIE                              00000006
ADIF                              00000006
ADON                              00000000
ADRESH                            0000001E
ADRESL                            0000009E
BCLIE                             00000003
BCLIF                             00000003
BF                                00000000
BRGH                              00000002
C                                 00000000
C1INV                             00000004
C1OUT                             00000006
C2INV                             00000005
C2OUT                             00000007
CCP1CON                           00000017
CCP1IE                            00000002
CCP1IF                            00000002
CCP1M0                            00000000
CCP1M1                            00000001
CCP1M2                            00000002
CCP1M3                            00000003
CCP1X                             00000005
CCP1Y                             00000004
CCP2CON                           0000001D
CCP2IE                            00000000
CCP2IF                            00000000
CCP2M0                            00000000
CCP2M1                            00000001
CCP2M2                            00000002
CCP2M3                            00000003
CCP2X                             00000005
CCP2Y                             00000004
CCPR1                             00000015
CCPR1H                            00000016
CCPR1L                            00000015
CCPR2                             0000001B
CCPR2H                            0000001C
CCPR2L                            0000001B
CHS0                              00000003
CHS1                              00000004
CHS2                              00000005
CIS                               00000003
CKE                               00000006
MPASM  5.51                        TAREA4.ASM   5-21-2014  0:57:11         PAGE  6


SYMBOL TABLE
  LABEL                             VALUE 

CKP                               00000004
CM0                               00000000
CM1                               00000001
CM2                               00000002
CMCON                             0000009C
CMIE                              00000006
CMIF                              00000006
CONFIGURACION                     00000012
CREN                              00000004
CSRC                              00000007
CUENTA1                           00000020
CUENTA2                           00000021
CVR0                              00000000
CVR1                              00000001
CVR2                              00000002
CVR3                              00000003
CVRCON                            0000009D
CVREN                             00000007
CVROE                             00000006
CVRR                              00000005
D                                 00000005
DATA_ADDRESS                      00000005
DC                                00000001
D_A                               00000005
D_NOT_A                           00000005
EEADR                             0000010D
EEADRH                            0000010F
EECON1                            0000018C
EECON2                            0000018D
EEDATA                            0000010C
EEDATH                            0000010E
EEIE                              00000004
EEIF                              00000004
EEPGD                             00000007
ESPERA                            0000006A
F                                 00000001
FERR                              00000002
FSR                               00000004
GCEN                              00000007
GIE                               00000007
GO                                00000002
GO_DONE                           00000002
GO_NOT_DONE                       00000002
I2C_DATA                          00000005
I2C_READ                          00000002
I2C_START                         00000003
I2C_STOP                          00000004
IBF                               00000007
IBOV                              00000005
INDF                              00000000
INICIO                            0000001E
INTCON                            0000000B
INTE                              00000004
MPASM  5.51                        TAREA4.ASM   5-21-2014  0:57:11         PAGE  7


SYMBOL TABLE
  LABEL                             VALUE 

INTEDG                            00000006
INTERRUPCION                      00000027
INTF                              00000001
IRP                               00000007
NOT_A                             00000005
NOT_ADDRESS                       00000005
NOT_BO                            00000000
NOT_BOR                           00000000
NOT_DONE                          00000002
NOT_PD                            00000003
NOT_POR                           00000001
NOT_RBPU                          00000007
NOT_RC8                           00000006
NOT_T1SYNC                        00000002
NOT_TO                            00000004
NOT_TX8                           00000006
NOT_W                             00000002
NOT_WRITE                         00000002
OBF                               00000006
OERR                              00000001
OPTION_REG                        00000081
P                                 00000004
P1                                00000023
P2                                00000024
PCFG0                             00000000
PCFG1                             00000001
PCFG2                             00000002
PCFG3                             00000003
PCL                               00000002
PCLATH                            0000000A
PCON                              0000008E
PEIE                              00000006
PEN                               00000002
PIE1                              0000008C
PIE2                              0000008D
PIR1                              0000000C
PIR2                              0000000D
PORTA                             00000005
PORTB                             00000006
PORTC                             00000007
PORTD                             00000008
PORTE                             00000009
PR2                               00000092
PS0                               00000000
PS1                               00000001
PS2                               00000002
PSA                               00000003
PSPIE                             00000007
PSPIF                             00000007
PSPMODE                           00000004
R                                 00000002
RA0                               00000000
RA1                               00000001
MPASM  5.51                        TAREA4.ASM   5-21-2014  0:57:11         PAGE  8


SYMBOL TABLE
  LABEL                             VALUE 

RA2                               00000002
RA3                               00000003
RA4                               00000004
RA5                               00000005
RB0                               00000000
RB1                               00000001
RB2                               00000002
RB3                               00000003
RB4                               00000004
RB5                               00000005
RB6                               00000006
RB7                               00000007
RBIE                              00000003
RBIF                              00000000
RC0                               00000000
RC1                               00000001
RC2                               00000002
RC3                               00000003
RC4                               00000004
RC5                               00000005
RC6                               00000006
RC7                               00000007
RC8_9                             00000006
RC9                               00000006
RCD8                              00000000
RCEN                              00000003
RCIE                              00000005
RCIF                              00000005
RCREG                             0000001A
RCSTA                             00000018
RD                                00000000
RD0                               00000000
RD1                               00000001
RD2                               00000002
RD3                               00000003
RD4                               00000004
RD5                               00000005
RD6                               00000006
RD7                               00000007
RE0                               00000000
RE1                               00000001
RE2                               00000002
READ_WRITE                        00000002
RP0                               00000005
RP1                               00000006
RSEN                              00000001
RX9                               00000006
RX9D                              00000000
R_NOT_W                           00000002
R_W                               00000002
S                                 00000003
SEN                               00000000
SIGO                              00000026
MPASM  5.51                        TAREA4.ASM   5-21-2014  0:57:11         PAGE  9


SYMBOL TABLE
  LABEL                             VALUE 

SMP                               00000007
SPBRG                             00000099
SPEN                              00000007
SREN                              00000005
SSPADD                            00000093
SSPBUF                            00000013
SSPCON                            00000014
SSPCON2                           00000091
SSPEN                             00000005
SSPIE                             00000003
SSPIF                             00000003
SSPM0                             00000000
SSPM1                             00000001
SSPM2                             00000002
SSPM3                             00000003
SSPOV                             00000006
SSPSTAT                           00000094
STATUS                            00000003
SYNC                              00000004
T0CS                              00000005
T0IE                              00000005
T0IF                              00000002
T0SE                              00000004
T1CKPS0                           00000004
T1CKPS1                           00000005
T1CON                             00000010
T1INSYNC                          00000002
T1OSCEN                           00000003
T1SYNC                            00000002
T2CKPS0                           00000000
T2CKPS1                           00000001
T2CON                             00000012
TABLA                             00000039
TEMP_STATUS                       00000026
TEMP_W                            00000025
TMR0                              00000001
TMR0IE                            00000005
TMR0IF                            00000002
TMR1                              0000000E
TMR1CS                            00000001
TMR1H                             0000000F
TMR1IE                            00000000
TMR1IF                            00000000
TMR1L                             0000000E
TMR1ON                            00000000
TMR2                              00000011
TMR2IE                            00000001
TMR2IF                            00000001
TMR2ON                            00000002
TOUTPS0                           00000003
TOUTPS1                           00000004
TOUTPS2                           00000005
TOUTPS3                           00000006
MPASM  5.51                        TAREA4.ASM   5-21-2014  0:57:11         PAGE 10


SYMBOL TABLE
  LABEL                             VALUE 

TRISA                             00000085
TRISA0                            00000000
TRISA1                            00000001
TRISA2                            00000002
TRISA3                            00000003
TRISA4                            00000004
TRISA5                            00000005
TRISB                             00000086
TRISB0                            00000000
TRISB1                            00000001
TRISB2                            00000002
TRISB3                            00000003
TRISB4                            00000004
TRISB5                            00000005
TRISB6                            00000006
TRISB7                            00000007
TRISC                             00000087
TRISC0                            00000000
TRISC1                            00000001
TRISC2                            00000002
TRISC3                            00000003
TRISC4                            00000004
TRISC5                            00000005
TRISC6                            00000006
TRISC7                            00000007
TRISD                             00000088
TRISD0                            00000000
TRISD1                            00000001
TRISD2                            00000002
TRISD3                            00000003
TRISD4                            00000004
TRISD5                            00000005
TRISD6                            00000006
TRISD7                            00000007
TRISE                             00000089
TRISE0                            00000000
TRISE1                            00000001
TRISE2                            00000002
TRMT                              00000001
TX8_9                             00000006
TX9                               00000006
TX9D                              00000000
TXD8                              00000000
TXEN                              00000005
TXIE                              00000004
TXIF                              00000004
TXREG                             00000019
TXSTA                             00000098
UA                                00000001
VECES                             00000022
W                                 00000000
WCOL                              00000007
WR                                00000001
MPASM  5.51                        TAREA4.ASM   5-21-2014  0:57:11         PAGE 11


SYMBOL TABLE
  LABEL                             VALUE 

WREN                              00000002
WRERR                             00000003
Z                                 00000002
_BODEN_OFF                        00003FBF
_BODEN_ON                         00003FFF
_BOREN_OFF                        00003FBF
_BOREN_ON                         00003FFF
_CONFIG                           00002007
_CPD_OFF                          00003FFF
_CPD_ON                           00003EFF
_CP_ALL                           00001FFF
_CP_OFF                           00003FFF
_CP_ON                            00001FFF
_DEBUG_OFF                        00003FFF
_DEBUG_ON                         000037FF
_DEVID1                           00002006
_FOSC_EXTRC                       00003FFF
_FOSC_HS                          00003FFE
_FOSC_LP                          00003FFC
_FOSC_XT                          00003FFD
_HS_OSC                           00003FFE
_IDLOC0                           00002000
_IDLOC1                           00002001
_IDLOC2                           00002002
_IDLOC3                           00002003
_LP_OSC                           00003FFC
_LVP_OFF                          00003F7F
_LVP_ON                           00003FFF
_PWRTE_OFF                        00003FFF
_PWRTE_ON                         00003FF7
_RC_OSC                           00003FFF
_WDTE_OFF                         00003FFB
_WDTE_ON                          00003FFF
_WDT_OFF                          00003FFB
_WDT_ON                           00003FFF
_WRT_1FOURTH                      00003BFF
_WRT_256                          00003DFF
_WRT_HALF                         000039FF
_WRT_OFF                          00003FFF
_XT_OSC                           00003FFD
__16F877A                         00000001
__DEBUG                           1

Errors   :     0
Warnings :     0 reported,     0 suppressed
Messages :     3 reported,     0 suppressed

