MPASM  5.51                           2.9.ASM   5-7-2014  15:51:09         PAGE  1


LOC  OBJECT CODE     LINE SOURCE TEXT
  VALUE

                      00001 #INCLUDE"P16F877A.INC"
                      00001         LIST
                      00002 
                      00003 ;==========================================================================
                      00004 ;  MPASM PIC16F877A processor include
                      00005 ; 
                      00006 ;  (c) Copyright 1999-2013 Microchip Technology, All rights reserved
                      00007 ;==========================================================================
                      00008 
Message[301]: MESSAGE: (Processor-header file mismatch.  Verify selected processor.)
                      00566         LIST
                      00002 
                      00003 
  00000020            00004 REG1 EQU        20H
  00000021            00005 REG2 EQU        21H
  00000022            00006 REG3 EQU        22H
  00000023            00007 REG4 EQU        23H
  00000024            00008 REG5 EQU        24H
  00000025            00009 REG6 EQU        25H
  00000026            00010 REG7 EQU        26H
  00000027            00011 REG8 EQU        27H
  00000028            00012 REG9 EQU        28H
  00000029            00013 REG10 EQU       29H
  0000002A            00014 REG11 EQU       2AH
  0000002B            00015 REG12 EQU       2BH
  0000002C            00016 REG13 EQU       2CH
  0000002D            00017 REG14 EQU       2DH
  0000002E            00018 REG15 EQU       2EH
  0000002F            00019 REG16 EQU       2FH
  00000030            00020 REG17 EQU       30H
                      00021 
  00000031            00022 CUENTA EQU      31H
                      00023 
Warning[205]: Found directive in column 1. (ORG)
                      00024 ORG 0X00
                      00025 
Warning[203]: Found opcode in column 1. (MOVLW)
0000   3031           00026 MOVLW   31H
Warning[203]: Found opcode in column 1. (MOVWF)
0001   00A0           00027 MOVWF   REG1
Warning[203]: Found opcode in column 1. (MOVLW)
0002   3032           00028 MOVLW   32H
Warning[203]: Found opcode in column 1. (MOVWF)
0003   00A1           00029 MOVWF   REG2
Warning[203]: Found opcode in column 1. (MOVLW)
0004   3033           00030 MOVLW   33H
Warning[203]: Found opcode in column 1. (MOVWF)
0005   00A2           00031 MOVWF   REG3
Warning[203]: Found opcode in column 1. (MOVLW)
0006   3034           00032 MOVLW   34H
Warning[203]: Found opcode in column 1. (MOVWF)
0007   00A3           00033 MOVWF   REG4
Warning[203]: Found opcode in column 1. (MOVLW)
MPASM  5.51                           2.9.ASM   5-7-2014  15:51:09         PAGE  2


LOC  OBJECT CODE     LINE SOURCE TEXT
  VALUE

0008   3035           00034 MOVLW   35H
Warning[203]: Found opcode in column 1. (MOVWF)
0009   00A4           00035 MOVWF   REG5
Warning[203]: Found opcode in column 1. (MOVLW)
000A   3036           00036 MOVLW   36H
Warning[203]: Found opcode in column 1. (MOVWF)
000B   00A5           00037 MOVWF   REG6
Warning[203]: Found opcode in column 1. (MOVLW)
000C   3037           00038 MOVLW   37H
Warning[203]: Found opcode in column 1. (MOVWF)
000D   00A6           00039 MOVWF   REG7
Warning[203]: Found opcode in column 1. (MOVLW)
000E   3038           00040 MOVLW   38H
Warning[203]: Found opcode in column 1. (MOVWF)
000F   00A7           00041 MOVWF   REG8
Warning[203]: Found opcode in column 1. (MOVLW)
0010   3039           00042 MOVLW   39H
Warning[203]: Found opcode in column 1. (MOVWF)
0011   00A8           00043 MOVWF   REG9
Warning[203]: Found opcode in column 1. (MOVLW)
0012   3038           00044 MOVLW   38H
Warning[203]: Found opcode in column 1. (MOVWF)
0013   00A9           00045 MOVWF   REG10
Warning[203]: Found opcode in column 1. (MOVLW)
0014   3037           00046 MOVLW   37H
Warning[203]: Found opcode in column 1. (MOVWF)
0015   00AA           00047 MOVWF   REG11
Warning[203]: Found opcode in column 1. (MOVLW)
0016   3036           00048 MOVLW   36H
Warning[203]: Found opcode in column 1. (MOVWF)
0017   00AB           00049 MOVWF   REG12
Warning[203]: Found opcode in column 1. (MOVLW)
0018   3035           00050 MOVLW   35H
Warning[203]: Found opcode in column 1. (MOVWF)
0019   00AC           00051 MOVWF   REG13
Warning[203]: Found opcode in column 1. (MOVLW)
001A   3034           00052 MOVLW   34H
Warning[203]: Found opcode in column 1. (MOVWF)
001B   00AD           00053 MOVWF   REG14
Warning[203]: Found opcode in column 1. (MOVLW)
001C   3033           00054 MOVLW   33H
Warning[203]: Found opcode in column 1. (MOVWF)
001D   00AE           00055 MOVWF   REG15
Warning[203]: Found opcode in column 1. (MOVLW)
001E   3032           00056 MOVLW   32H
Warning[203]: Found opcode in column 1. (MOVWF)
001F   00AF           00057 MOVWF   REG16
Warning[203]: Found opcode in column 1. (MOVLW)
0020   3031           00058 MOVLW   31H
Warning[203]: Found opcode in column 1. (MOVWF)
0021   00B0           00059 MOVWF   REG17
                      00060 
Warning[203]: Found opcode in column 1. (MOVLW)
MPASM  5.51                           2.9.ASM   5-7-2014  15:51:09         PAGE  3


LOC  OBJECT CODE     LINE SOURCE TEXT
  VALUE

0022   3011           00061 MOVLW   D'17'
Warning[203]: Found opcode in column 1. (MOVWF)
0023   00B1           00062 MOVWF   CUENTA
                      00063 
Warning[203]: Found opcode in column 1. (MOVLW)
0024   3020           00064 MOVLW   20H
Warning[203]: Found opcode in column 1. (MOVWF)
0025   0084           00065 MOVWF   FSR
0026                  00066 LOOP:
Warning[203]: Found opcode in column 1. (MOVLW)
0026   300F           00067 MOVLW   0X0F
Warning[203]: Found opcode in column 1. (ANDWF)
0027   0580           00068 ANDWF   INDF,F
                      00069 
Warning[203]: Found opcode in column 1. (INCF)
0028   0A84           00070 INCF    FSR,F
Warning[203]: Found opcode in column 1. (DECFSZ)
0029   0BB1           00071 DECFSZ  CUENTA,F
Warning[203]: Found opcode in column 1. (GOTO)
002A   2???           00072 GOTO LOOP
Warning[205]: Found directive in column 1. (END)
                      00073 END
MPASM  5.51                           2.9.ASM   5-7-2014  15:51:09         PAGE  4


SYMBOL TABLE
  LABEL                             VALUE 

ACKDT                             00000005
ACKEN                             00000004
ACKSTAT                           00000006
ADCON0                            0000001F
ADCON1                            0000009F
ADCS0                             00000006
ADCS1                             00000007
ADCS2                             00000006
ADDEN                             00000003
ADFM                              00000007
ADIE                              00000006
ADIF                              00000006
ADON                              00000000
ADRESH                            0000001E
ADRESL                            0000009E
BCLIE                             00000003
BCLIF                             00000003
BF                                00000000
BRGH                              00000002
C                                 00000000
C1INV                             00000004
C1OUT                             00000006
C2INV                             00000005
C2OUT                             00000007
CCP1CON                           00000017
CCP1IE                            00000002
CCP1IF                            00000002
CCP1M0                            00000000
CCP1M1                            00000001
CCP1M2                            00000002
CCP1M3                            00000003
CCP1X                             00000005
CCP1Y                             00000004
CCP2CON                           0000001D
CCP2IE                            00000000
CCP2IF                            00000000
CCP2M0                            00000000
CCP2M1                            00000001
CCP2M2                            00000002
CCP2M3                            00000003
CCP2X                             00000005
CCP2Y                             00000004
CCPR1                             00000015
CCPR1H                            00000016
CCPR1L                            00000015
CCPR2                             0000001B
CCPR2H                            0000001C
CCPR2L                            0000001B
CHS0                              00000003
CHS1                              00000004
CHS2                              00000005
CIS                               00000003
CKE                               00000006
MPASM  5.51                           2.9.ASM   5-7-2014  15:51:09         PAGE  5


SYMBOL TABLE
  LABEL                             VALUE 

CKP                               00000004
CM0                               00000000
CM1                               00000001
CM2                               00000002
CMCON                             0000009C
CMIE                              00000006
CMIF                              00000006
CREN                              00000004
CSRC                              00000007
CUENTA                            00000031
CVR0                              00000000
CVR1                              00000001
CVR2                              00000002
CVR3                              00000003
CVRCON                            0000009D
CVREN                             00000007
CVROE                             00000006
CVRR                              00000005
D                                 00000005
DATA_ADDRESS                      00000005
DC                                00000001
D_A                               00000005
D_NOT_A                           00000005
EEADR                             0000010D
EEADRH                            0000010F
EECON1                            0000018C
EECON2                            0000018D
EEDATA                            0000010C
EEDATH                            0000010E
EEIE                              00000004
EEIF                              00000004
EEPGD                             00000007
F                                 00000001
FERR                              00000002
FSR                               00000004
GCEN                              00000007
GIE                               00000007
GO                                00000002
GO_DONE                           00000002
GO_NOT_DONE                       00000002
I2C_DATA                          00000005
I2C_READ                          00000002
I2C_START                         00000003
I2C_STOP                          00000004
IBF                               00000007
IBOV                              00000005
INDF                              00000000
INTCON                            0000000B
INTE                              00000004
INTEDG                            00000006
INTF                              00000001
IRP                               00000007
LOOP                              00000026
MPASM  5.51                           2.9.ASM   5-7-2014  15:51:09         PAGE  6


SYMBOL TABLE
  LABEL                             VALUE 

NOT_A                             00000005
NOT_ADDRESS                       00000005
NOT_BO                            00000000
NOT_BOR                           00000000
NOT_DONE                          00000002
NOT_PD                            00000003
NOT_POR                           00000001
NOT_RBPU                          00000007
NOT_RC8                           00000006
NOT_T1SYNC                        00000002
NOT_TO                            00000004
NOT_TX8                           00000006
NOT_W                             00000002
NOT_WRITE                         00000002
OBF                               00000006
OERR                              00000001
OPTION_REG                        00000081
P                                 00000004
PCFG0                             00000000
PCFG1                             00000001
PCFG2                             00000002
PCFG3                             00000003
PCL                               00000002
PCLATH                            0000000A
PCON                              0000008E
PEIE                              00000006
PEN                               00000002
PIE1                              0000008C
PIE2                              0000008D
PIR1                              0000000C
PIR2                              0000000D
PORTA                             00000005
PORTB                             00000006
PORTC                             00000007
PORTD                             00000008
PORTE                             00000009
PR2                               00000092
PS0                               00000000
PS1                               00000001
PS2                               00000002
PSA                               00000003
PSPIE                             00000007
PSPIF                             00000007
PSPMODE                           00000004
R                                 00000002
RA0                               00000000
RA1                               00000001
RA2                               00000002
RA3                               00000003
RA4                               00000004
RA5                               00000005
RB0                               00000000
RB1                               00000001
MPASM  5.51                           2.9.ASM   5-7-2014  15:51:09         PAGE  7


SYMBOL TABLE
  LABEL                             VALUE 

RB2                               00000002
RB3                               00000003
RB4                               00000004
RB5                               00000005
RB6                               00000006
RB7                               00000007
RBIE                              00000003
RBIF                              00000000
RC0                               00000000
RC1                               00000001
RC2                               00000002
RC3                               00000003
RC4                               00000004
RC5                               00000005
RC6                               00000006
RC7                               00000007
RC8_9                             00000006
RC9                               00000006
RCD8                              00000000
RCEN                              00000003
RCIE                              00000005
RCIF                              00000005
RCREG                             0000001A
RCSTA                             00000018
RD                                00000000
RD0                               00000000
RD1                               00000001
RD2                               00000002
RD3                               00000003
RD4                               00000004
RD5                               00000005
RD6                               00000006
RD7                               00000007
RE0                               00000000
RE1                               00000001
RE2                               00000002
READ_WRITE                        00000002
REG1                              00000020
REG10                             00000029
REG11                             0000002A
REG12                             0000002B
REG13                             0000002C
REG14                             0000002D
REG15                             0000002E
REG16                             0000002F
REG17                             00000030
REG2                              00000021
REG3                              00000022
REG4                              00000023
REG5                              00000024
REG6                              00000025
REG7                              00000026
REG8                              00000027
MPASM  5.51                           2.9.ASM   5-7-2014  15:51:09         PAGE  8


SYMBOL TABLE
  LABEL                             VALUE 

REG9                              00000028
RP0                               00000005
RP1                               00000006
RSEN                              00000001
RX9                               00000006
RX9D                              00000000
R_NOT_W                           00000002
R_W                               00000002
S                                 00000003
SEN                               00000000
SMP                               00000007
SPBRG                             00000099
SPEN                              00000007
SREN                              00000005
SSPADD                            00000093
SSPBUF                            00000013
SSPCON                            00000014
SSPCON2                           00000091
SSPEN                             00000005
SSPIE                             00000003
SSPIF                             00000003
SSPM0                             00000000
SSPM1                             00000001
SSPM2                             00000002
SSPM3                             00000003
SSPOV                             00000006
SSPSTAT                           00000094
STATUS                            00000003
SYNC                              00000004
T0CS                              00000005
T0IE                              00000005
T0IF                              00000002
T0SE                              00000004
T1CKPS0                           00000004
T1CKPS1                           00000005
T1CON                             00000010
T1INSYNC                          00000002
T1OSCEN                           00000003
T1SYNC                            00000002
T2CKPS0                           00000000
T2CKPS1                           00000001
T2CON                             00000012
TMR0                              00000001
TMR0IE                            00000005
TMR0IF                            00000002
TMR1                              0000000E
TMR1CS                            00000001
TMR1H                             0000000F
TMR1IE                            00000000
TMR1IF                            00000000
TMR1L                             0000000E
TMR1ON                            00000000
TMR2                              00000011
MPASM  5.51                           2.9.ASM   5-7-2014  15:51:09         PAGE  9


SYMBOL TABLE
  LABEL                             VALUE 

TMR2IE                            00000001
TMR2IF                            00000001
TMR2ON                            00000002
TOUTPS0                           00000003
TOUTPS1                           00000004
TOUTPS2                           00000005
TOUTPS3                           00000006
TRISA                             00000085
TRISA0                            00000000
TRISA1                            00000001
TRISA2                            00000002
TRISA3                            00000003
TRISA4                            00000004
TRISA5                            00000005
TRISB                             00000086
TRISB0                            00000000
TRISB1                            00000001
TRISB2                            00000002
TRISB3                            00000003
TRISB4                            00000004
TRISB5                            00000005
TRISB6                            00000006
TRISB7                            00000007
TRISC                             00000087
TRISC0                            00000000
TRISC1                            00000001
TRISC2                            00000002
TRISC3                            00000003
TRISC4                            00000004
TRISC5                            00000005
TRISC6                            00000006
TRISC7                            00000007
TRISD                             00000088
TRISD0                            00000000
TRISD1                            00000001
TRISD2                            00000002
TRISD3                            00000003
TRISD4                            00000004
TRISD5                            00000005
TRISD6                            00000006
TRISD7                            00000007
TRISE                             00000089
TRISE0                            00000000
TRISE1                            00000001
TRISE2                            00000002
TRMT                              00000001
TX8_9                             00000006
TX9                               00000006
TX9D                              00000000
TXD8                              00000000
TXEN                              00000005
TXIE                              00000004
TXIF                              00000004
MPASM  5.51                           2.9.ASM   5-7-2014  15:51:09         PAGE 10


SYMBOL TABLE
  LABEL                             VALUE 

TXREG                             00000019
TXSTA                             00000098
UA                                00000001
W                                 00000000
WCOL                              00000007
WR                                00000001
WREN                              00000002
WRERR                             00000003
Z                                 00000002
_BODEN_OFF                        00003FBF
_BODEN_ON                         00003FFF
_BOREN_OFF                        00003FBF
_BOREN_ON                         00003FFF
_CONFIG                           00002007
_CPD_OFF                          00003FFF
_CPD_ON                           00003EFF
_CP_ALL                           00001FFF
_CP_OFF                           00003FFF
_CP_ON                            00001FFF
_DEBUG_OFF                        00003FFF
_DEBUG_ON                         000037FF
_DEVID1                           00002006
_FOSC_EXTRC                       00003FFF
_FOSC_HS                          00003FFE
_FOSC_LP                          00003FFC
_FOSC_XT                          00003FFD
_HS_OSC                           00003FFE
_IDLOC0                           00002000
_IDLOC1                           00002001
_IDLOC2                           00002002
_IDLOC3                           00002003
_LP_OSC                           00003FFC
_LVP_OFF                          00003F7F
_LVP_ON                           00003FFF
_PWRTE_OFF                        00003FFF
_PWRTE_ON                         00003FF7
_RC_OSC                           00003FFF
_WDTE_OFF                         00003FFB
_WDTE_ON                          00003FFF
_WDT_OFF                          00003FFB
_WDT_ON                           00003FFF
_WRT_1FOURTH                      00003BFF
_WRT_256                          00003DFF
_WRT_HALF                         000039FF
_WRT_OFF                          00003FFF
_XT_OSC                           00003FFD
__16F877                          00000001
__DEBUG                           1

Errors   :     0
Warnings :    45 reported,     0 suppressed
Messages :     1 reported,     0 suppressed

