Message[301] C:\PROGRAM FILES\MICROCHIP\MPASM SUITE\P16F877A.INC 33 : MESSAGE: (Processor-header file mismatch.  Verify selected processor.)
Warning[205] D:\FACULTAD\ELECTRONICA DIGITAL 2\EJ 2.9\2.9.ASM 24 : Found directive in column 1. (ORG)
Warning[203] D:\FACULTAD\ELECTRONICA DIGITAL 2\EJ 2.9\2.9.ASM 26 : Found opcode in column 1. (MOVLW)
Warning[203] D:\FACULTAD\ELECTRONICA DIGITAL 2\EJ 2.9\2.9.ASM 27 : Found opcode in column 1. (MOVWF)
Warning[203] D:\FACULTAD\ELECTRONICA DIGITAL 2\EJ 2.9\2.9.ASM 28 : Found opcode in column 1. (MOVLW)
Warning[203] D:\FACULTAD\ELECTRONICA DIGITAL 2\EJ 2.9\2.9.ASM 29 : Found opcode in column 1. (MOVWF)
Warning[203] D:\FACULTAD\ELECTRONICA DIGITAL 2\EJ 2.9\2.9.ASM 30 : Found opcode in column 1. (MOVLW)
Warning[203] D:\FACULTAD\ELECTRONICA DIGITAL 2\EJ 2.9\2.9.ASM 31 : Found opcode in column 1. (MOVWF)
Warning[203] D:\FACULTAD\ELECTRONICA DIGITAL 2\EJ 2.9\2.9.ASM 32 : Found opcode in column 1. (MOVLW)
Warning[203] D:\FACULTAD\ELECTRONICA DIGITAL 2\EJ 2.9\2.9.ASM 33 : Found opcode in column 1. (MOVWF)
Warning[203] D:\FACULTAD\ELECTRONICA DIGITAL 2\EJ 2.9\2.9.ASM 34 : Found opcode in column 1. (MOVLW)
Warning[203] D:\FACULTAD\ELECTRONICA DIGITAL 2\EJ 2.9\2.9.ASM 35 : Found opcode in column 1. (MOVWF)
Warning[203] D:\FACULTAD\ELECTRONICA DIGITAL 2\EJ 2.9\2.9.ASM 36 : Found opcode in column 1. (MOVLW)
Warning[203] D:\FACULTAD\ELECTRONICA DIGITAL 2\EJ 2.9\2.9.ASM 37 : Found opcode in column 1. (MOVWF)
Warning[203] D:\FACULTAD\ELECTRONICA DIGITAL 2\EJ 2.9\2.9.ASM 38 : Found opcode in column 1. (MOVLW)
Warning[203] D:\FACULTAD\ELECTRONICA DIGITAL 2\EJ 2.9\2.9.ASM 39 : Found opcode in column 1. (MOVWF)
Warning[203] D:\FACULTAD\ELECTRONICA DIGITAL 2\EJ 2.9\2.9.ASM 40 : Found opcode in column 1. (MOVLW)
Warning[203] D:\FACULTAD\ELECTRONICA DIGITAL 2\EJ 2.9\2.9.ASM 41 : Found opcode in column 1. (MOVWF)
Warning[203] D:\FACULTAD\ELECTRONICA DIGITAL 2\EJ 2.9\2.9.ASM 42 : Found opcode in column 1. (MOVLW)
Warning[203] D:\FACULTAD\ELECTRONICA DIGITAL 2\EJ 2.9\2.9.ASM 43 : Found opcode in column 1. (MOVWF)
Warning[203] D:\FACULTAD\ELECTRONICA DIGITAL 2\EJ 2.9\2.9.ASM 44 : Found opcode in column 1. (MOVLW)
Warning[203] D:\FACULTAD\ELECTRONICA DIGITAL 2\EJ 2.9\2.9.ASM 45 : Found opcode in column 1. (MOVWF)
Warning[203] D:\FACULTAD\ELECTRONICA DIGITAL 2\EJ 2.9\2.9.ASM 46 : Found opcode in column 1. (MOVLW)
Warning[203] D:\FACULTAD\ELECTRONICA DIGITAL 2\EJ 2.9\2.9.ASM 47 : Found opcode in column 1. (MOVWF)
Warning[203] D:\FACULTAD\ELECTRONICA DIGITAL 2\EJ 2.9\2.9.ASM 48 : Found opcode in column 1. (MOVLW)
Warning[203] D:\FACULTAD\ELECTRONICA DIGITAL 2\EJ 2.9\2.9.ASM 49 : Found opcode in column 1. (MOVWF)
Warning[203] D:\FACULTAD\ELECTRONICA DIGITAL 2\EJ 2.9\2.9.ASM 50 : Found opcode in column 1. (MOVLW)
Warning[203] D:\FACULTAD\ELECTRONICA DIGITAL 2\EJ 2.9\2.9.ASM 51 : Found opcode in column 1. (MOVWF)
Warning[203] D:\FACULTAD\ELECTRONICA DIGITAL 2\EJ 2.9\2.9.ASM 52 : Found opcode in column 1. (MOVLW)
Warning[203] D:\FACULTAD\ELECTRONICA DIGITAL 2\EJ 2.9\2.9.ASM 53 : Found opcode in column 1. (MOVWF)
Warning[203] D:\FACULTAD\ELECTRONICA DIGITAL 2\EJ 2.9\2.9.ASM 54 : Found opcode in column 1. (MOVLW)
Warning[203] D:\FACULTAD\ELECTRONICA DIGITAL 2\EJ 2.9\2.9.ASM 55 : Found opcode in column 1. (MOVWF)
Warning[203] D:\FACULTAD\ELECTRONICA DIGITAL 2\EJ 2.9\2.9.ASM 56 : Found opcode in column 1. (MOVLW)
Warning[203] D:\FACULTAD\ELECTRONICA DIGITAL 2\EJ 2.9\2.9.ASM 57 : Found opcode in column 1. (MOVWF)
Warning[203] D:\FACULTAD\ELECTRONICA DIGITAL 2\EJ 2.9\2.9.ASM 58 : Found opcode in column 1. (MOVLW)
Warning[203] D:\FACULTAD\ELECTRONICA DIGITAL 2\EJ 2.9\2.9.ASM 59 : Found opcode in column 1. (MOVWF)
Warning[203] D:\FACULTAD\ELECTRONICA DIGITAL 2\EJ 2.9\2.9.ASM 61 : Found opcode in column 1. (MOVLW)
Warning[203] D:\FACULTAD\ELECTRONICA DIGITAL 2\EJ 2.9\2.9.ASM 62 : Found opcode in column 1. (MOVWF)
Warning[203] D:\FACULTAD\ELECTRONICA DIGITAL 2\EJ 2.9\2.9.ASM 64 : Found opcode in column 1. (MOVLW)
Warning[203] D:\FACULTAD\ELECTRONICA DIGITAL 2\EJ 2.9\2.9.ASM 65 : Found opcode in column 1. (MOVWF)
Warning[203] D:\FACULTAD\ELECTRONICA DIGITAL 2\EJ 2.9\2.9.ASM 67 : Found opcode in column 1. (MOVLW)
Warning[203] D:\FACULTAD\ELECTRONICA DIGITAL 2\EJ 2.9\2.9.ASM 68 : Found opcode in column 1. (ANDWF)
Warning[203] D:\FACULTAD\ELECTRONICA DIGITAL 2\EJ 2.9\2.9.ASM 70 : Found opcode in column 1. (INCF)
Warning[203] D:\FACULTAD\ELECTRONICA DIGITAL 2\EJ 2.9\2.9.ASM 71 : Found opcode in column 1. (DECFSZ)
Warning[203] D:\FACULTAD\ELECTRONICA DIGITAL 2\EJ 2.9\2.9.ASM 72 : Found opcode in column 1. (GOTO)
Warning[205] D:\FACULTAD\ELECTRONICA DIGITAL 2\EJ 2.9\2.9.ASM 73 : Found directive in column 1. (END)
