MPASM  5.51                        TAREA1.ASM   5-7-2014  14:04:38         PAGE  1


LOC  OBJECT CODE     LINE SOURCE TEXT
  VALUE

                      00001 #INCLUDE "P16F877A.INC"
                      00001         LIST
                      00002 
                      00003 ;==========================================================================
                      00004 ;  MPASM PIC16F877A processor include
                      00005 ; 
                      00006 ;  (c) Copyright 1999-2013 Microchip Technology, All rights reserved
                      00007 ;==========================================================================
                      00008 
                      00566         LIST
Warning[205]: Found directive in column 1. (__config)
2007   3F31           00002 __config _XT_OSC & _WDT_OFF & _LVP_OFF & _CP_OFF & _BODEN_OFF & _PWRTE_ON
                      00003 
  00000020            00004 DEC1    EQU     0X20
  00000021            00005 DEC2    EQU     0X21
  00000022            00006 SALIDA  EQU 0X22
                      00007 
                      00008 
0000                  00009                 ORG 0X00
                      00010 
                      00011 
0000                  00012 CONF:
0000   1303           00013                 BCF             STATUS,RP1
0001   1683           00014                 BSF             STATUS,RP0  ;estamos en banco 1
0002   3006           00015                 MOVLW   0x06
Message[302]: Register in operand not in bank 0.  Ensure that bank bits are correct.
0003   009F           00016                 MOVWF   ADCON1    ; paso de analogico a digital
0004   018B           00017                 CLRF    INTCON          ; deshabilito las interrupciones
0005   3080           00018                 MOVLW   b'10000000'     
Message[302]: Register in operand not in bank 0.  Ensure that bank bits are correct.
0006   0086           00019                 MOVWF   TRISB           ;dejamos el bit 7 como entrada y el resto como salida
0007   1283           00020                 BCF             STATUS,RP0 ;estamos en banco 0
                      00021 
0008                  00022 PRINCIPAL:
0008   1403           00023                 BSF             STATUS,C ;PONGO EL CARRY EN 1
0009   30BF           00024                 MOVLW   b'10111111'
000A   00A2           00025                 MOVWF   SALIDA
000B   0822           00026                 MOVF    SALIDA,W ; paso el contenido de salida 
000C   0086           00027                 MOVWF   PORTB   ; a portb
000D                  00028 IRDER:
000D   201A           00029                 CALL    LLAVE   ; TESTEA LA LLAVE DEL PUERTOB
000E   0CA2           00030                 RRF             SALIDA,F        ;ROTAR LOS BITS A LA DERECHA
000F   0822           00031                 MOVF    SALIDA,W        ; paso el contenido de salida 
0010   0086           00032                 MOVWF   PORTB           ; a portb
0011   1822           00033                 BTFSC   SALIDA,0        ; SE FIJA SI LLEGO EL "0" AL BIT 0 DE SALIDA
0012   280D           00034                 GOTO    IRDER           ; SI NO ES ASI SE SIGUE ROTANDO A LA DERECHA
0013                  00035 IRIZQ:                                          ;CASO CONTRARIO COMIENZA LA ROTACION HACIA LA IZQUIERDA
0013   201A           00036                 CALL    LLAVE                   ; TESTEA LA LLAVE DEL PUERTOB
0014   0DA2           00037                 RLF             SALIDA,F        
0015   0822           00038                 MOVF    SALIDA,W
0016   0086           00039                 MOVWF   PORTB
0017   1B22           00040                 BTFSC   SALIDA,6        ; SE FIJA SI LLEGO EL "0" AL BIT 6 DE SALIDA
0018   2813           00041                 GOTO    IRIZQ           ; SI NO ES ASI SE SIGUE ROTANDO A LA IZQUIERDA
MPASM  5.51                        TAREA1.ASM   5-7-2014  14:04:38         PAGE  2


LOC  OBJECT CODE     LINE SOURCE TEXT
  VALUE

0019   280D           00042                 GOTO    IRDER           ;CASO CONTRARIO COMIENZA LA ROTACION HACIA LA DERECHA
                      00043                 
001A                  00044 LLAVE:  
001A   1F86           00045                 BTFSS   PORTB,7 ; si el bit es 1 el retardo es de 100ms
001B   201E           00046                 CALL    ESPERAR ; en el caso contrario
001C   201E           00047                 CALL    ESPERAR ; el retardo sera el doble osea 200ms
001D   0008           00048                 RETURN
                      00049                 
                      00050 
001E                  00051 ESPERAR:
                      00052 
001E                  00053 SIGO3:
001E   3064           00054                 MOVLW 0X64
001F   00A1           00055                 MOVWF DEC2
0020                  00056 SIGO2:
0020   30F9           00057                 MOVLW 0XF9
0021   00A0           00058                 MOVWF DEC1
0022                  00059 SIGO:
0022   0000           00060                 NOP
0023   0BA0           00061                 DECFSZ DEC1,F
0024   2822           00062                 GOTO SIGO
0025   0BA1           00063                 DECFSZ DEC2,F
0026   2820           00064                 GOTO SIGO2
                      00065         
0027   0008           00066                 RETURN
                      00067 
                      00068                 END
MPASM  5.51                        TAREA1.ASM   5-7-2014  14:04:38         PAGE  3


SYMBOL TABLE
  LABEL                             VALUE 

ACKDT                             00000005
ACKEN                             00000004
ACKSTAT                           00000006
ADCON0                            0000001F
ADCON1                            0000009F
ADCS0                             00000006
ADCS1                             00000007
ADCS2                             00000006
ADDEN                             00000003
ADFM                              00000007
ADIE                              00000006
ADIF                              00000006
ADON                              00000000
ADRESH                            0000001E
ADRESL                            0000009E
BCLIE                             00000003
BCLIF                             00000003
BF                                00000000
BRGH                              00000002
C                                 00000000
C1INV                             00000004
C1OUT                             00000006
C2INV                             00000005
C2OUT                             00000007
CCP1CON                           00000017
CCP1IE                            00000002
CCP1IF                            00000002
CCP1M0                            00000000
CCP1M1                            00000001
CCP1M2                            00000002
CCP1M3                            00000003
CCP1X                             00000005
CCP1Y                             00000004
CCP2CON                           0000001D
CCP2IE                            00000000
CCP2IF                            00000000
CCP2M0                            00000000
CCP2M1                            00000001
CCP2M2                            00000002
CCP2M3                            00000003
CCP2X                             00000005
CCP2Y                             00000004
CCPR1                             00000015
CCPR1H                            00000016
CCPR1L                            00000015
CCPR2                             0000001B
CCPR2H                            0000001C
CCPR2L                            0000001B
CHS0                              00000003
CHS1                              00000004
CHS2                              00000005
CIS                               00000003
CKE                               00000006
MPASM  5.51                        TAREA1.ASM   5-7-2014  14:04:38         PAGE  4


SYMBOL TABLE
  LABEL                             VALUE 

CKP                               00000004
CM0                               00000000
CM1                               00000001
CM2                               00000002
CMCON                             0000009C
CMIE                              00000006
CMIF                              00000006
CONF                              00000000
CREN                              00000004
CSRC                              00000007
CVR0                              00000000
CVR1                              00000001
CVR2                              00000002
CVR3                              00000003
CVRCON                            0000009D
CVREN                             00000007
CVROE                             00000006
CVRR                              00000005
D                                 00000005
DATA_ADDRESS                      00000005
DC                                00000001
DEC1                              00000020
DEC2                              00000021
D_A                               00000005
D_NOT_A                           00000005
EEADR                             0000010D
EEADRH                            0000010F
EECON1                            0000018C
EECON2                            0000018D
EEDATA                            0000010C
EEDATH                            0000010E
EEIE                              00000004
EEIF                              00000004
EEPGD                             00000007
ESPERAR                           0000001E
F                                 00000001
FERR                              00000002
FSR                               00000004
GCEN                              00000007
GIE                               00000007
GO                                00000002
GO_DONE                           00000002
GO_NOT_DONE                       00000002
I2C_DATA                          00000005
I2C_READ                          00000002
I2C_START                         00000003
I2C_STOP                          00000004
IBF                               00000007
IBOV                              00000005
INDF                              00000000
INTCON                            0000000B
INTE                              00000004
INTEDG                            00000006
MPASM  5.51                        TAREA1.ASM   5-7-2014  14:04:38         PAGE  5


SYMBOL TABLE
  LABEL                             VALUE 

INTF                              00000001
IRDER                             0000000D
IRIZQ                             00000013
IRP                               00000007
LLAVE                             0000001A
NOT_A                             00000005
NOT_ADDRESS                       00000005
NOT_BO                            00000000
NOT_BOR                           00000000
NOT_DONE                          00000002
NOT_PD                            00000003
NOT_POR                           00000001
NOT_RBPU                          00000007
NOT_RC8                           00000006
NOT_T1SYNC                        00000002
NOT_TO                            00000004
NOT_TX8                           00000006
NOT_W                             00000002
NOT_WRITE                         00000002
OBF                               00000006
OERR                              00000001
OPTION_REG                        00000081
P                                 00000004
PCFG0                             00000000
PCFG1                             00000001
PCFG2                             00000002
PCFG3                             00000003
PCL                               00000002
PCLATH                            0000000A
PCON                              0000008E
PEIE                              00000006
PEN                               00000002
PIE1                              0000008C
PIE2                              0000008D
PIR1                              0000000C
PIR2                              0000000D
PORTA                             00000005
PORTB                             00000006
PORTC                             00000007
PORTD                             00000008
PORTE                             00000009
PR2                               00000092
PRINCIPAL                         00000008
PS0                               00000000
PS1                               00000001
PS2                               00000002
PSA                               00000003
PSPIE                             00000007
PSPIF                             00000007
PSPMODE                           00000004
R                                 00000002
RA0                               00000000
RA1                               00000001
MPASM  5.51                        TAREA1.ASM   5-7-2014  14:04:38         PAGE  6


SYMBOL TABLE
  LABEL                             VALUE 

RA2                               00000002
RA3                               00000003
RA4                               00000004
RA5                               00000005
RB0                               00000000
RB1                               00000001
RB2                               00000002
RB3                               00000003
RB4                               00000004
RB5                               00000005
RB6                               00000006
RB7                               00000007
RBIE                              00000003
RBIF                              00000000
RC0                               00000000
RC1                               00000001
RC2                               00000002
RC3                               00000003
RC4                               00000004
RC5                               00000005
RC6                               00000006
RC7                               00000007
RC8_9                             00000006
RC9                               00000006
RCD8                              00000000
RCEN                              00000003
RCIE                              00000005
RCIF                              00000005
RCREG                             0000001A
RCSTA                             00000018
RD                                00000000
RD0                               00000000
RD1                               00000001
RD2                               00000002
RD3                               00000003
RD4                               00000004
RD5                               00000005
RD6                               00000006
RD7                               00000007
RE0                               00000000
RE1                               00000001
RE2                               00000002
READ_WRITE                        00000002
RP0                               00000005
RP1                               00000006
RSEN                              00000001
RX9                               00000006
RX9D                              00000000
R_NOT_W                           00000002
R_W                               00000002
S                                 00000003
SALIDA                            00000022
SEN                               00000000
MPASM  5.51                        TAREA1.ASM   5-7-2014  14:04:38         PAGE  7


SYMBOL TABLE
  LABEL                             VALUE 

SIGO                              00000022
SIGO2                             00000020
SIGO3                             0000001E
SMP                               00000007
SPBRG                             00000099
SPEN                              00000007
SREN                              00000005
SSPADD                            00000093
SSPBUF                            00000013
SSPCON                            00000014
SSPCON2                           00000091
SSPEN                             00000005
SSPIE                             00000003
SSPIF                             00000003
SSPM0                             00000000
SSPM1                             00000001
SSPM2                             00000002
SSPM3                             00000003
SSPOV                             00000006
SSPSTAT                           00000094
STATUS                            00000003
SYNC                              00000004
T0CS                              00000005
T0IE                              00000005
T0IF                              00000002
T0SE                              00000004
T1CKPS0                           00000004
T1CKPS1                           00000005
T1CON                             00000010
T1INSYNC                          00000002
T1OSCEN                           00000003
T1SYNC                            00000002
T2CKPS0                           00000000
T2CKPS1                           00000001
T2CON                             00000012
TMR0                              00000001
TMR0IE                            00000005
TMR0IF                            00000002
TMR1                              0000000E
TMR1CS                            00000001
TMR1H                             0000000F
TMR1IE                            00000000
TMR1IF                            00000000
TMR1L                             0000000E
TMR1ON                            00000000
TMR2                              00000011
TMR2IE                            00000001
TMR2IF                            00000001
TMR2ON                            00000002
TOUTPS0                           00000003
TOUTPS1                           00000004
TOUTPS2                           00000005
TOUTPS3                           00000006
MPASM  5.51                        TAREA1.ASM   5-7-2014  14:04:38         PAGE  8


SYMBOL TABLE
  LABEL                             VALUE 

TRISA                             00000085
TRISA0                            00000000
TRISA1                            00000001
TRISA2                            00000002
TRISA3                            00000003
TRISA4                            00000004
TRISA5                            00000005
TRISB                             00000086
TRISB0                            00000000
TRISB1                            00000001
TRISB2                            00000002
TRISB3                            00000003
TRISB4                            00000004
TRISB5                            00000005
TRISB6                            00000006
TRISB7                            00000007
TRISC                             00000087
TRISC0                            00000000
TRISC1                            00000001
TRISC2                            00000002
TRISC3                            00000003
TRISC4                            00000004
TRISC5                            00000005
TRISC6                            00000006
TRISC7                            00000007
TRISD                             00000088
TRISD0                            00000000
TRISD1                            00000001
TRISD2                            00000002
TRISD3                            00000003
TRISD4                            00000004
TRISD5                            00000005
TRISD6                            00000006
TRISD7                            00000007
TRISE                             00000089
TRISE0                            00000000
TRISE1                            00000001
TRISE2                            00000002
TRMT                              00000001
TX8_9                             00000006
TX9                               00000006
TX9D                              00000000
TXD8                              00000000
TXEN                              00000005
TXIE                              00000004
TXIF                              00000004
TXREG                             00000019
TXSTA                             00000098
UA                                00000001
W                                 00000000
WCOL                              00000007
WR                                00000001
WREN                              00000002
MPASM  5.51                        TAREA1.ASM   5-7-2014  14:04:38         PAGE  9


SYMBOL TABLE
  LABEL                             VALUE 

WRERR                             00000003
Z                                 00000002
_BODEN_OFF                        00003FBF
_BODEN_ON                         00003FFF
_BOREN_OFF                        00003FBF
_BOREN_ON                         00003FFF
_CONFIG                           00002007
_CPD_OFF                          00003FFF
_CPD_ON                           00003EFF
_CP_ALL                           00001FFF
_CP_OFF                           00003FFF
_CP_ON                            00001FFF
_DEBUG_OFF                        00003FFF
_DEBUG_ON                         000037FF
_DEVID1                           00002006
_FOSC_EXTRC                       00003FFF
_FOSC_HS                          00003FFE
_FOSC_LP                          00003FFC
_FOSC_XT                          00003FFD
_HS_OSC                           00003FFE
_IDLOC0                           00002000
_IDLOC1                           00002001
_IDLOC2                           00002002
_IDLOC3                           00002003
_LP_OSC                           00003FFC
_LVP_OFF                          00003F7F
_LVP_ON                           00003FFF
_PWRTE_OFF                        00003FFF
_PWRTE_ON                         00003FF7
_RC_OSC                           00003FFF
_WDTE_OFF                         00003FFB
_WDTE_ON                          00003FFF
_WDT_OFF                          00003FFB
_WDT_ON                           00003FFF
_WRT_1FOURTH                      00003BFF
_WRT_256                          00003DFF
_WRT_HALF                         000039FF
_WRT_OFF                          00003FFF
_XT_OSC                           00003FFD
__16F877A                         00000001
__DEBUG                           1
MPASM  5.51                        TAREA1.ASM   5-7-2014  14:04:38         PAGE 10


MEMORY USAGE MAP ('X' = Used,  '-' = Unused)


0000 : XXXXXXXXXXXXXXXX XXXXXXXXXXXXXXXX XXXXXXXX-------- ----------------
2000 : -------X-------- ---------------- ---------------- ----------------

All other memory blocks unused.

Program Memory Words Used:    40
Program Memory Words Free:  8152


Errors   :     0
Warnings :     1 reported,     0 suppressed
Messages :     2 reported,     0 suppressed

