MPASM  5.51                            TX.ASM   5-17-2014  17:27:46         PAGE  1


LOC  OBJECT CODE     LINE SOURCE TEXT
  VALUE

                      00001 ;TRANSMISOR
                      00002 #INCLUDE "P16F877A.INC"
                      00001         LIST
                      00002 
                      00003 ;==========================================================================
                      00004 ;  MPASM PIC16F877A processor include
                      00005 ; 
                      00006 ;  (c) Copyright 1999-2013 Microchip Technology, All rights reserved
                      00007 ;==========================================================================
                      00008 
                      00566         LIST
                      00003 
Warning[205]: Found directive in column 1. (__config)
2007   3F31           00004 __config _XT_OSC & _WDT_OFF & _LVP_OFF & _CP_OFF & _BODEN_OFF & _PWRTE_ON
                      00005 
  00000020            00006 REG1    EQU             0X20
  00000021            00007 REG2    EQU             0X21
  00000022            00008 REG3    EQU             0X22
  00000023            00009 TX              EQU             0X23
                      00010 
                      00011 
0000                  00012         ORG 0X00
                      00013         
0000   2801           00014         GOTO CONFIGURACION
                      00015 
                      00016 ;       ORG 0X04
                      00017 ;       BANKSEL PORTA
                      00018 ;       BSF             PORTA,2
                      00019 ;       MOVFW   RCREG
                      00020 ;       MOVWF   RECIVO
                      00021 ;       MOVFW   RECIVO
                      00022 ;       SUBWF   COMPROVAR,W ;verifico si llega la letra s en hexa (73)
                      00023 ;       BTFSC   STATUS,2
                      00024         
                      00025 ;       RETFIE
                      00026                 
                      00027 
                      00028         
0001                  00029 CONFIGURACION:
                      00030 
0001   1683           00031         BSF    STATUS,RP0     ; Pongo 1 en el RP0 de status
0002   1303           00032         BCF    STATUS,RP1       ; Pongo 0 en RP1 y estoy en banco 1.
Message[302]: Register in operand not in bank 0.  Ensure that bank bits are correct.
0003   1787           00033         BSF             TRISC,7 ;RX SERIAL (ENTRADA)
Message[302]: Register in operand not in bank 0.  Ensure that bank bits are correct.
0004   1307           00034         BCF             TRISC,6 ;TX SERIAL (SALIDA)
0005   3019           00035         MOVLW   0X19 ; CARGO AL REGISTRO SPBRG CON 25 PARA TENER EL MENOR PORCENTAJE DE BITS ERRADOS SEG
                            UN EL CALCULO
Message[302]: Register in operand not in bank 0.  Ensure that bank bits are correct.
0006   0099           00036         MOVWF   SPBRG
                      00037 
                      00038 ;COFIGURO ENTRADAS
                      00039         
MPASM  5.51                            TX.ASM   5-17-2014  17:27:46         PAGE  2


LOC  OBJECT CODE     LINE SOURCE TEXT
  VALUE

0007   30FF           00040         MOVLW   0XFF    ; TODAS ENTRADAS
Message[302]: Register in operand not in bank 0.  Ensure that bank bits are correct.
0008   0086           00041         MOVWF   TRISB
                      00042         
                      00043 
                      00044 ;CONFIFIRO EL REGISTO TXSTA 
Message[302]: Register in operand not in bank 0.  Ensure that bank bits are correct.
0009   0198           00045         CLRF    TXSTA
                      00046 ;       BCF             TXSTA,7
Message[302]: Register in operand not in bank 0.  Ensure that bank bits are correct.
000A   1318           00047         BCF             TXSTA,6;        ES PARA EL 9no BIT (8 BIT EN ESTE CASO)
Message[302]: Register in operand not in bank 0.  Ensure that bank bits are correct.
000B   1698           00048         BSF             TXSTA,5; HABILITO EL TRANSMISOR
Message[302]: Register in operand not in bank 0.  Ensure that bank bits are correct.
000C   1518           00049         BSF             TXSTA,2 ;SELECCIONO LA VELOCIDAD ALTA
Message[302]: Register in operand not in bank 0.  Ensure that bank bits are correct.
000D   1218           00050         BCF             TXSTA,4;LO PONES EN MODO ASINCRONICO
                      00051 
                      00052 ;INTERRUPCION POR RECEPCION     
                      00053 ;       BSF             INTCON,7 ; HABILITO LAS INTERRUPCIONES GLOBALES
                      00054 ;       BSF             INTCON,6 ; HABILITO LAS INTERRUPCIONES POR PERIFERICOS
                      00055 ;       BSF             PIE1,5;HABILITA QUE SE TE INTERRUMPA CUANDO RECIBE
                      00056 
                      00057 ;CONFIGURO EL REGISTRO RCSTA
000E   1283           00058         BCF    STATUS,RP0     ; Pongo 0 en el RP0 de status y estoy en banco 0.
000F   1798           00059         BSF             RCSTA,7 ; HABILITO TODO EL MODULO PARA COMUNICACION SERIAL
0010   1318           00060         BCF             RCSTA,6; DESABILITO RX DEL BIT 9
0011   1618           00061         BSF             RCSTA,4 ; HABILITO LA RECEPCION 
                      00062 ;*********************************************************************************
                      00063 
                      00064         
                      00065 
0012                  00066 SIGO:
                      00067         
0012   0806           00068         MOVF    PORTB,W
0013   2024           00069         CALL    ENVIO
0014   2016           00070         CALL    TIEMPO
0015   2812           00071         GOTO    SIGO
                      00072 
0016                  00073 TIEMPO:
                      00074         
0016   300A           00075         MOVLW   0X0A
0017   00A2           00076         MOVWF   REG3    
0018                  00077 TRES:   
0018   3064           00078         MOVLW   0X64 ; 100
0019   00A0           00079         MOVWF   REG1
001A                  00080 DOS:                            
                      00081         
001A   30F9           00082         MOVLW   0XF9 
001B   00A0           00083         MOVWF   REG1
001C                  00084 UNO:                            
001C   0000           00085         NOP
001D   0BA0           00086         DECFSZ  REG1,F
MPASM  5.51                            TX.ASM   5-17-2014  17:27:46         PAGE  3


LOC  OBJECT CODE     LINE SOURCE TEXT
  VALUE

001E   281C           00087         GOTO    UNO
001F   0BA1           00088         DECFSZ  REG2,F
0020   281A           00089         GOTO    DOS
0021   0BA2           00090         DECFSZ  REG3,F
0022   2818           00091         GOTO    TRES
0023   0008           00092         RETURN                          
                      00093 
                      00094 
0024                  00095 ENVIO:
                      00096 
0024   00A3           00097         MOVWF           TX
0025   0823           00098         MOVF            TX,W    
0026   1683 1303      00099         BANKSEL         TXSTA   
                      00100 
0028                  00101 ESPERO:                 
                      00102         
Message[302]: Register in operand not in bank 0.  Ensure that bank bits are correct.
0028   1C98           00103         BTFSS           TXSTA,1;ESPERA QUE SE HAYA ENVIADO EL BYTE ANTERIOR PARA ENVIAR UNO NUEVO
0029   2828           00104         GOTO            ESPERO
002A   1283 1303      00105         BANKSEL         TXREG   
002C   0099           00106         MOVWF           TXREG;NI BIEN MUEVE W A TXREG  TE LO ENVIA
002D   0008           00107         RETURN
                      00108 
                      00109         END                             
MPASM  5.51                            TX.ASM   5-17-2014  17:27:46         PAGE  4


SYMBOL TABLE
  LABEL                             VALUE 

ACKDT                             00000005
ACKEN                             00000004
ACKSTAT                           00000006
ADCON0                            0000001F
ADCON1                            0000009F
ADCS0                             00000006
ADCS1                             00000007
ADCS2                             00000006
ADDEN                             00000003
ADFM                              00000007
ADIE                              00000006
ADIF                              00000006
ADON                              00000000
ADRESH                            0000001E
ADRESL                            0000009E
BCLIE                             00000003
BCLIF                             00000003
BF                                00000000
BRGH                              00000002
C                                 00000000
C1INV                             00000004
C1OUT                             00000006
C2INV                             00000005
C2OUT                             00000007
CCP1CON                           00000017
CCP1IE                            00000002
CCP1IF                            00000002
CCP1M0                            00000000
CCP1M1                            00000001
CCP1M2                            00000002
CCP1M3                            00000003
CCP1X                             00000005
CCP1Y                             00000004
CCP2CON                           0000001D
CCP2IE                            00000000
CCP2IF                            00000000
CCP2M0                            00000000
CCP2M1                            00000001
CCP2M2                            00000002
CCP2M3                            00000003
CCP2X                             00000005
CCP2Y                             00000004
CCPR1                             00000015
CCPR1H                            00000016
CCPR1L                            00000015
CCPR2                             0000001B
CCPR2H                            0000001C
CCPR2L                            0000001B
CHS0                              00000003
CHS1                              00000004
CHS2                              00000005
CIS                               00000003
CKE                               00000006
MPASM  5.51                            TX.ASM   5-17-2014  17:27:46         PAGE  5


SYMBOL TABLE
  LABEL                             VALUE 

CKP                               00000004
CM0                               00000000
CM1                               00000001
CM2                               00000002
CMCON                             0000009C
CMIE                              00000006
CMIF                              00000006
CONFIGURACION                     00000001
CREN                              00000004
CSRC                              00000007
CVR0                              00000000
CVR1                              00000001
CVR2                              00000002
CVR3                              00000003
CVRCON                            0000009D
CVREN                             00000007
CVROE                             00000006
CVRR                              00000005
D                                 00000005
DATA_ADDRESS                      00000005
DC                                00000001
DOS                               0000001A
D_A                               00000005
D_NOT_A                           00000005
EEADR                             0000010D
EEADRH                            0000010F
EECON1                            0000018C
EECON2                            0000018D
EEDATA                            0000010C
EEDATH                            0000010E
EEIE                              00000004
EEIF                              00000004
EEPGD                             00000007
ENVIO                             00000024
ESPERO                            00000028
F                                 00000001
FERR                              00000002
FSR                               00000004
GCEN                              00000007
GIE                               00000007
GO                                00000002
GO_DONE                           00000002
GO_NOT_DONE                       00000002
I2C_DATA                          00000005
I2C_READ                          00000002
I2C_START                         00000003
I2C_STOP                          00000004
IBF                               00000007
IBOV                              00000005
INDF                              00000000
INTCON                            0000000B
INTE                              00000004
INTEDG                            00000006
MPASM  5.51                            TX.ASM   5-17-2014  17:27:46         PAGE  6


SYMBOL TABLE
  LABEL                             VALUE 

INTF                              00000001
IRP                               00000007
NOT_A                             00000005
NOT_ADDRESS                       00000005
NOT_BO                            00000000
NOT_BOR                           00000000
NOT_DONE                          00000002
NOT_PD                            00000003
NOT_POR                           00000001
NOT_RBPU                          00000007
NOT_RC8                           00000006
NOT_T1SYNC                        00000002
NOT_TO                            00000004
NOT_TX8                           00000006
NOT_W                             00000002
NOT_WRITE                         00000002
OBF                               00000006
OERR                              00000001
OPTION_REG                        00000081
P                                 00000004
PCFG0                             00000000
PCFG1                             00000001
PCFG2                             00000002
PCFG3                             00000003
PCL                               00000002
PCLATH                            0000000A
PCON                              0000008E
PEIE                              00000006
PEN                               00000002
PIE1                              0000008C
PIE2                              0000008D
PIR1                              0000000C
PIR2                              0000000D
PORTA                             00000005
PORTB                             00000006
PORTC                             00000007
PORTD                             00000008
PORTE                             00000009
PR2                               00000092
PS0                               00000000
PS1                               00000001
PS2                               00000002
PSA                               00000003
PSPIE                             00000007
PSPIF                             00000007
PSPMODE                           00000004
R                                 00000002
RA0                               00000000
RA1                               00000001
RA2                               00000002
RA3                               00000003
RA4                               00000004
RA5                               00000005
MPASM  5.51                            TX.ASM   5-17-2014  17:27:46         PAGE  7


SYMBOL TABLE
  LABEL                             VALUE 

RB0                               00000000
RB1                               00000001
RB2                               00000002
RB3                               00000003
RB4                               00000004
RB5                               00000005
RB6                               00000006
RB7                               00000007
RBIE                              00000003
RBIF                              00000000
RC0                               00000000
RC1                               00000001
RC2                               00000002
RC3                               00000003
RC4                               00000004
RC5                               00000005
RC6                               00000006
RC7                               00000007
RC8_9                             00000006
RC9                               00000006
RCD8                              00000000
RCEN                              00000003
RCIE                              00000005
RCIF                              00000005
RCREG                             0000001A
RCSTA                             00000018
RD                                00000000
RD0                               00000000
RD1                               00000001
RD2                               00000002
RD3                               00000003
RD4                               00000004
RD5                               00000005
RD6                               00000006
RD7                               00000007
RE0                               00000000
RE1                               00000001
RE2                               00000002
READ_WRITE                        00000002
REG1                              00000020
REG2                              00000021
REG3                              00000022
RP0                               00000005
RP1                               00000006
RSEN                              00000001
RX9                               00000006
RX9D                              00000000
R_NOT_W                           00000002
R_W                               00000002
S                                 00000003
SEN                               00000000
SIGO                              00000012
SMP                               00000007
MPASM  5.51                            TX.ASM   5-17-2014  17:27:46         PAGE  8


SYMBOL TABLE
  LABEL                             VALUE 

SPBRG                             00000099
SPEN                              00000007
SREN                              00000005
SSPADD                            00000093
SSPBUF                            00000013
SSPCON                            00000014
SSPCON2                           00000091
SSPEN                             00000005
SSPIE                             00000003
SSPIF                             00000003
SSPM0                             00000000
SSPM1                             00000001
SSPM2                             00000002
SSPM3                             00000003
SSPOV                             00000006
SSPSTAT                           00000094
STATUS                            00000003
SYNC                              00000004
T0CS                              00000005
T0IE                              00000005
T0IF                              00000002
T0SE                              00000004
T1CKPS0                           00000004
T1CKPS1                           00000005
T1CON                             00000010
T1INSYNC                          00000002
T1OSCEN                           00000003
T1SYNC                            00000002
T2CKPS0                           00000000
T2CKPS1                           00000001
T2CON                             00000012
TIEMPO                            00000016
TMR0                              00000001
TMR0IE                            00000005
TMR0IF                            00000002
TMR1                              0000000E
TMR1CS                            00000001
TMR1H                             0000000F
TMR1IE                            00000000
TMR1IF                            00000000
TMR1L                             0000000E
TMR1ON                            00000000
TMR2                              00000011
TMR2IE                            00000001
TMR2IF                            00000001
TMR2ON                            00000002
TOUTPS0                           00000003
TOUTPS1                           00000004
TOUTPS2                           00000005
TOUTPS3                           00000006
TRES                              00000018
TRISA                             00000085
TRISA0                            00000000
MPASM  5.51                            TX.ASM   5-17-2014  17:27:46         PAGE  9


SYMBOL TABLE
  LABEL                             VALUE 

TRISA1                            00000001
TRISA2                            00000002
TRISA3                            00000003
TRISA4                            00000004
TRISA5                            00000005
TRISB                             00000086
TRISB0                            00000000
TRISB1                            00000001
TRISB2                            00000002
TRISB3                            00000003
TRISB4                            00000004
TRISB5                            00000005
TRISB6                            00000006
TRISB7                            00000007
TRISC                             00000087
TRISC0                            00000000
TRISC1                            00000001
TRISC2                            00000002
TRISC3                            00000003
TRISC4                            00000004
TRISC5                            00000005
TRISC6                            00000006
TRISC7                            00000007
TRISD                             00000088
TRISD0                            00000000
TRISD1                            00000001
TRISD2                            00000002
TRISD3                            00000003
TRISD4                            00000004
TRISD5                            00000005
TRISD6                            00000006
TRISD7                            00000007
TRISE                             00000089
TRISE0                            00000000
TRISE1                            00000001
TRISE2                            00000002
TRMT                              00000001
TX                                00000023
TX8_9                             00000006
TX9                               00000006
TX9D                              00000000
TXD8                              00000000
TXEN                              00000005
TXIE                              00000004
TXIF                              00000004
TXREG                             00000019
TXSTA                             00000098
UA                                00000001
UNO                               0000001C
W                                 00000000
WCOL                              00000007
WR                                00000001
WREN                              00000002
MPASM  5.51                            TX.ASM   5-17-2014  17:27:46         PAGE 10


SYMBOL TABLE
  LABEL                             VALUE 

WRERR                             00000003
Z                                 00000002
_BODEN_OFF                        00003FBF
_BODEN_ON                         00003FFF
_BOREN_OFF                        00003FBF
_BOREN_ON                         00003FFF
_CONFIG                           00002007
_CPD_OFF                          00003FFF
_CPD_ON                           00003EFF
_CP_ALL                           00001FFF
_CP_OFF                           00003FFF
_CP_ON                            00001FFF
_DEBUG_OFF                        00003FFF
_DEBUG_ON                         000037FF
_DEVID1                           00002006
_FOSC_EXTRC                       00003FFF
_FOSC_HS                          00003FFE
_FOSC_LP                          00003FFC
_FOSC_XT                          00003FFD
_HS_OSC                           00003FFE
_IDLOC0                           00002000
_IDLOC1                           00002001
_IDLOC2                           00002002
_IDLOC3                           00002003
_LP_OSC                           00003FFC
_LVP_OFF                          00003F7F
_LVP_ON                           00003FFF
_PWRTE_OFF                        00003FFF
_PWRTE_ON                         00003FF7
_RC_OSC                           00003FFF
_WDTE_OFF                         00003FFB
_WDTE_ON                          00003FFF
_WDT_OFF                          00003FFB
_WDT_ON                           00003FFF
_WRT_1FOURTH                      00003BFF
_WRT_256                          00003DFF
_WRT_HALF                         000039FF
_WRT_OFF                          00003FFF
_XT_OSC                           00003FFD
__16F877A                         00000001
__DEBUG                           1
MPASM  5.51                            TX.ASM   5-17-2014  17:27:46         PAGE 11


MEMORY USAGE MAP ('X' = Used,  '-' = Unused)


0000 : XXXXXXXXXXXXXXXX XXXXXXXXXXXXXXXX XXXXXXXXXXXXXX-- ----------------
2000 : -------X-------- ---------------- ---------------- ----------------

All other memory blocks unused.

Program Memory Words Used:    46
Program Memory Words Free:  8146


Errors   :     0
Warnings :     1 reported,     0 suppressed
Messages :    10 reported,     0 suppressed

