MPASM  5.51                       TECLADO.ASM   6-10-2014  0:37:07         PAGE  1


LOC  OBJECT CODE     LINE SOURCE TEXT
  VALUE

                      00001 #INCLUDE "P16F877A.INC"
                      00001         LIST
                      00002 
                      00003 ;==========================================================================
                      00004 ;  MPASM PIC16F877A processor include
                      00005 ; 
                      00006 ;  (c) Copyright 1999-2013 Microchip Technology, All rights reserved
                      00007 ;==========================================================================
                      00008 
                      00566         LIST
Warning[205]: Found directive in column 1. (__config)
2007   3F31           00002 __config _XT_OSC & _WDT_OFF & _LVP_OFF & _CP_OFF & _BODEN_OFF & _PWRTE_ON
                      00003 
  00000020            00004 TECLA           EQU     0X20
  00000021            00005 DEC1            EQU     0X21
  00000022            00006 DEC2            EQU 0X22
  00000023            00007 BANDERA         EQU     0X23
  00000024            00008 TEMP_W          EQU     0X24
  00000025            00009 TEMP_STATUS     EQU     0X25
0000                  00010         org 0x00
                      00011         
0000   280F           00012         goto INICIO
0004                  00013         org 0x04
0004   00A4           00014         MOVWF   TEMP_W          ;***************************
0005   0E03           00015         SWAPF   STATUS,W        ;SE GUARDA W Y STATUS
0006   00A5           00016         MOVWF   TEMP_STATUS     ;*****************************
                      00017 
                      00018         ;BANKSEL        RCREG   ;**************************************************
0007   1423           00019         BSF             BANDERA,0
0008   100B           00020         BCF             INTCON,0                
0009   0086           00021         MOVWF   PORTB   ;**************************************************
                      00022 
000A   0E25           00023         SWAPF   TEMP_STATUS,W   ;**************************************
000B   0083           00024         MOVWF   STATUS                  ;SE RECUPERA W Y STATUS
000C   0EA4           00025         SWAPF   TEMP_W,F                ;
000D   0E24           00026         SWAPF   TEMP_W,W                ;**************************************
000E   0009           00027         RETFIE
                      00028 
                      00029 
                      00030 
000F                  00031 INICIO  
000F   1683           00032         BSF     STATUS,RP0 ; Cambio a banco 1
0010   3006           00033         MOVLW   0x06
Message[302]: Register in operand not in bank 0.  Ensure that bank bits are correct.
0011   009F           00034         MOVWF   ADCON1    ; paso de analogico a digital
0012   30F8           00035         MOVLW   0xF8 ; Nibble alto del puerto B como
Message[302]: Register in operand not in bank 0.  Ensure that bank bits are correct.
0013   0086           00036         MOVWF   TRISB ; entrada y bajo como salida
0014   30F0           00037         MOVLW   0XF0
Message[302]: Register in operand not in bank 0.  Ensure that bank bits are correct.
0015   0085           00038         MOVWF   TRISA ; Puerto A como salida
                      00039         ;MOVLW  B'11001000'
                      00040         ;MOVWF  INTCON
MPASM  5.51                       TECLADO.ASM   6-10-2014  0:37:07         PAGE  2


LOC  OBJECT CODE     LINE SOURCE TEXT
  VALUE

0016   1283           00041         BCF     STATUS,RP0 ; Cambio a banco 0
0017   0185           00042         CLRF    PORTA
0018                  00043 PRINCIPAL
                      00044         ;BTFSC  BANDERA,0
0018   201B           00045         CALL    TECLADO ; Llamar a rutina de teclado
0019   0085           00046         MOVWF   PORTA ; Desplegar numero en puerto A
001A   2818           00047         GOTO    PRINCIPAL ; Ejecucion ciclica del programa
                      00048 ;**************************************************
                      00049 ;** Rutina que escanea un teclado matricial 4x4 **
                      00050 ;** recorriendo un 0 por cada una de sus filas y **
                      00051 ;** leyendo el estado de cada columna, si la co- **
                      00052 ;** lumna se encuentra con un estado logico alto **
                      00053 ;** no se presiono ninguna tecla, si se encuen- **
                      00054 ;** tra en bajo (0) entonces se detecta la tecla **
                      00055 ;** presionda **
                      00056 ;**************************************************
001B                  00057 TECLADO 
001B   01A0           00058         CLRF    TECLA ; Limpiar variable TECLA
001C   300E           00059         MOVLW   b'00001110' ; Poner un cero en la primer
001D   0086           00060         MOVWF   PORTB ; fila del puerto B (RB0)
001E                  00061 CHECA_COL
001E   1E06           00062         BTFSS   PORTB,4 ; Si la 1er columna es "0"
001F   2831           00063         GOTO    ANTIRREBOTES ; salta a la rutina ANTIRREBOTES
0020   0AA0           00064         INCF    TECLA,F ; Si es "1" incrementa TECLA
0021   1E86           00065         BTFSS   PORTB,5 ; Si la 2da columna es "0"
0022   2831           00066         GOTO    ANTIRREBOTES ; salta a la rutina ANTIRREBOTES
0023   0AA0           00067         INCF    TECLA,F ; Si es "1" incrementa TECLA
0024   1F06           00068         BTFSS   PORTB,6 ; Si la 3er columna es "0"
0025   2831           00069         GOTO    ANTIRREBOTES ; salta a la rutina ANTIRREBOTES
0026   0AA0           00070         INCF    TECLA,F ; Si es "1" incrementa TECLA
0027   1F86           00071         BTFSS   PORTB,7 ; Si la 4ta columna es "0"
0028   2831           00072         GOTO    ANTIRREBOTES ; salta a la rutina ANTIRREBOTES
0029   0AA0           00073         INCF    TECLA,F ; Si es "1" incrementa TECLA
                      00074 ; Si no se detecto ninguna pulsacion se realiza una comparacion
                      00075 ; entre la variable TECLA y el numero "16", si TECLA es menor que
                      00076 ; 16 el "0" en las filas del puerto B se recorre hacia la izquierda
                      00077 ; hacia la siguiente fila, si TECLA es igual a "16" la rutina del
                      00078 ; TECLADO vuelve a comenzar
002A   300C           00079         MOVLW   d'12'
002B   0220           00080         SUBWF   TECLA,W
002C   1903           00081         BTFSC   STATUS,Z
002D   281B           00082         GOTO    TECLADO
002E   1403           00083         BSF     STATUS,C
002F   0D86           00084         RLF             PORTB,F
0030   281E           00085         GOTO    CHECA_COL
                      00086 ;*********************************************************
                      00087 ;** Rutina que elimina los rebotes y ademas decodifica **
                      00088 ;** la tecla pulsada y regresa el valor binario necesa- **
                      00089 ;** para desplegar los numeros de 0 a F en un display **
                      00090 ;** de 7 segmentos conectado al puerto A **
                      00091 ;*********************************************************
0031                  00092 ANTIRREBOTES
0031   204A           00093         CALL    ESPERAR
MPASM  5.51                       TECLADO.ASM   6-10-2014  0:37:07         PAGE  3


LOC  OBJECT CODE     LINE SOURCE TEXT
  VALUE

Warning[207]: Found label after column 1. (B1)
0032                  00094         B1 
0032   1E06           00095                 BTFSS   PORTB,4
0033   2832           00096                 GOTO    B1
Warning[207]: Found label after column 1. (B2)
0034                  00097         B2 
0034   1E86           00098                 BTFSS   PORTB,5
0035   2834           00099                 GOTO    B2
Warning[207]: Found label after column 1. (B3)
0036                  00100         B3 
0036   1F06           00101                 BTFSS   PORTB,6
0037   2836           00102                 GOTO    B3
Warning[207]: Found label after column 1. (B4)
0038                  00103         B4 
0038   1F86           00104                 BTFSS   PORTB,7
0039   2838           00105                 GOTO    B4
                      00106 
003A   0820           00107                 MOVF    TECLA,W
003B   203D           00108                 CALL    DECOD_TECLA
                      00109                 ;BCF            BANDERA,0
003C   0008           00110                 RETURN
003D                  00111 DECOD_TECLA
003D   0782           00112                 ADDWF   PCL,f
003E   34FE           00113                 RETLW   0XFE
003F   34FB           00114                 RETLW   0XFB
0040   34F8           00115                 RETLW   0XF8
0041   34F5           00116                 RETLW   0XF5
0042   34FD           00117                 RETLW   0XFD
0043   34FA           00118                 RETLW   0XFA
0044   34F7           00119                 RETLW   0XF7
0045   34FF           00120                 RETLW   0XFF
0046   34FC           00121                 RETLW   0XFC
0047   34F9           00122                 RETLW   0XF9
0048   34F6           00123                 RETLW   0XF6
0049   34F4           00124                 RETLW   0XF4
                      00125 
004A                  00126 ESPERAR:;;50mS
                      00127 
004A                  00128 SIGO3:
004A   3032           00129                 MOVLW 0X32
004B   00A2           00130                 MOVWF DEC2
004C                  00131 SIGO2:
004C   30F9           00132                 MOVLW 0XF9
004D   00A1           00133                 MOVWF DEC1
004E                  00134 SIGO:
004E   0000           00135                 NOP
004F   0BA1           00136                 DECFSZ DEC1,F
0050   284E           00137                 GOTO SIGO
0051   0BA2           00138                 DECFSZ DEC2,F
0052   284C           00139                 GOTO SIGO2
                      00140         
0053   0008           00141                 RETURN          
                      00142                 END
MPASM  5.51                       TECLADO.ASM   6-10-2014  0:37:07         PAGE  4


SYMBOL TABLE
  LABEL                             VALUE 

ACKDT                             00000005
ACKEN                             00000004
ACKSTAT                           00000006
ADCON0                            0000001F
ADCON1                            0000009F
ADCS0                             00000006
ADCS1                             00000007
ADCS2                             00000006
ADDEN                             00000003
ADFM                              00000007
ADIE                              00000006
ADIF                              00000006
ADON                              00000000
ADRESH                            0000001E
ADRESL                            0000009E
ANTIRREBOTES                      00000031
B1                                00000032
B2                                00000034
B3                                00000036
B4                                00000038
BANDERA                           00000023
BCLIE                             00000003
BCLIF                             00000003
BF                                00000000
BRGH                              00000002
C                                 00000000
C1INV                             00000004
C1OUT                             00000006
C2INV                             00000005
C2OUT                             00000007
CCP1CON                           00000017
CCP1IE                            00000002
CCP1IF                            00000002
CCP1M0                            00000000
CCP1M1                            00000001
CCP1M2                            00000002
CCP1M3                            00000003
CCP1X                             00000005
CCP1Y                             00000004
CCP2CON                           0000001D
CCP2IE                            00000000
CCP2IF                            00000000
CCP2M0                            00000000
CCP2M1                            00000001
CCP2M2                            00000002
CCP2M3                            00000003
CCP2X                             00000005
CCP2Y                             00000004
CCPR1                             00000015
CCPR1H                            00000016
CCPR1L                            00000015
CCPR2                             0000001B
CCPR2H                            0000001C
MPASM  5.51                       TECLADO.ASM   6-10-2014  0:37:07         PAGE  5


SYMBOL TABLE
  LABEL                             VALUE 

CCPR2L                            0000001B
CHECA_COL                         0000001E
CHS0                              00000003
CHS1                              00000004
CHS2                              00000005
CIS                               00000003
CKE                               00000006
CKP                               00000004
CM0                               00000000
CM1                               00000001
CM2                               00000002
CMCON                             0000009C
CMIE                              00000006
CMIF                              00000006
CREN                              00000004
CSRC                              00000007
CVR0                              00000000
CVR1                              00000001
CVR2                              00000002
CVR3                              00000003
CVRCON                            0000009D
CVREN                             00000007
CVROE                             00000006
CVRR                              00000005
D                                 00000005
DATA_ADDRESS                      00000005
DC                                00000001
DEC1                              00000021
DEC2                              00000022
DECOD_TECLA                       0000003D
D_A                               00000005
D_NOT_A                           00000005
EEADR                             0000010D
EEADRH                            0000010F
EECON1                            0000018C
EECON2                            0000018D
EEDATA                            0000010C
EEDATH                            0000010E
EEIE                              00000004
EEIF                              00000004
EEPGD                             00000007
ESPERAR                           0000004A
F                                 00000001
FERR                              00000002
FSR                               00000004
GCEN                              00000007
GIE                               00000007
GO                                00000002
GO_DONE                           00000002
GO_NOT_DONE                       00000002
I2C_DATA                          00000005
I2C_READ                          00000002
I2C_START                         00000003
MPASM  5.51                       TECLADO.ASM   6-10-2014  0:37:07         PAGE  6


SYMBOL TABLE
  LABEL                             VALUE 

I2C_STOP                          00000004
IBF                               00000007
IBOV                              00000005
INDF                              00000000
INICIO                            0000000F
INTCON                            0000000B
INTE                              00000004
INTEDG                            00000006
INTF                              00000001
IRP                               00000007
NOT_A                             00000005
NOT_ADDRESS                       00000005
NOT_BO                            00000000
NOT_BOR                           00000000
NOT_DONE                          00000002
NOT_PD                            00000003
NOT_POR                           00000001
NOT_RBPU                          00000007
NOT_RC8                           00000006
NOT_T1SYNC                        00000002
NOT_TO                            00000004
NOT_TX8                           00000006
NOT_W                             00000002
NOT_WRITE                         00000002
OBF                               00000006
OERR                              00000001
OPTION_REG                        00000081
P                                 00000004
PCFG0                             00000000
PCFG1                             00000001
PCFG2                             00000002
PCFG3                             00000003
PCL                               00000002
PCLATH                            0000000A
PCON                              0000008E
PEIE                              00000006
PEN                               00000002
PIE1                              0000008C
PIE2                              0000008D
PIR1                              0000000C
PIR2                              0000000D
PORTA                             00000005
PORTB                             00000006
PORTC                             00000007
PORTD                             00000008
PORTE                             00000009
PR2                               00000092
PRINCIPAL                         00000018
PS0                               00000000
PS1                               00000001
PS2                               00000002
PSA                               00000003
PSPIE                             00000007
MPASM  5.51                       TECLADO.ASM   6-10-2014  0:37:07         PAGE  7


SYMBOL TABLE
  LABEL                             VALUE 

PSPIF                             00000007
PSPMODE                           00000004
R                                 00000002
RA0                               00000000
RA1                               00000001
RA2                               00000002
RA3                               00000003
RA4                               00000004
RA5                               00000005
RB0                               00000000
RB1                               00000001
RB2                               00000002
RB3                               00000003
RB4                               00000004
RB5                               00000005
RB6                               00000006
RB7                               00000007
RBIE                              00000003
RBIF                              00000000
RC0                               00000000
RC1                               00000001
RC2                               00000002
RC3                               00000003
RC4                               00000004
RC5                               00000005
RC6                               00000006
RC7                               00000007
RC8_9                             00000006
RC9                               00000006
RCD8                              00000000
RCEN                              00000003
RCIE                              00000005
RCIF                              00000005
RCREG                             0000001A
RCSTA                             00000018
RD                                00000000
RD0                               00000000
RD1                               00000001
RD2                               00000002
RD3                               00000003
RD4                               00000004
RD5                               00000005
RD6                               00000006
RD7                               00000007
RE0                               00000000
RE1                               00000001
RE2                               00000002
READ_WRITE                        00000002
RP0                               00000005
RP1                               00000006
RSEN                              00000001
RX9                               00000006
RX9D                              00000000
MPASM  5.51                       TECLADO.ASM   6-10-2014  0:37:07         PAGE  8


SYMBOL TABLE
  LABEL                             VALUE 

R_NOT_W                           00000002
R_W                               00000002
S                                 00000003
SEN                               00000000
SIGO                              0000004E
SIGO2                             0000004C
SIGO3                             0000004A
SMP                               00000007
SPBRG                             00000099
SPEN                              00000007
SREN                              00000005
SSPADD                            00000093
SSPBUF                            00000013
SSPCON                            00000014
SSPCON2                           00000091
SSPEN                             00000005
SSPIE                             00000003
SSPIF                             00000003
SSPM0                             00000000
SSPM1                             00000001
SSPM2                             00000002
SSPM3                             00000003
SSPOV                             00000006
SSPSTAT                           00000094
STATUS                            00000003
SYNC                              00000004
T0CS                              00000005
T0IE                              00000005
T0IF                              00000002
T0SE                              00000004
T1CKPS0                           00000004
T1CKPS1                           00000005
T1CON                             00000010
T1INSYNC                          00000002
T1OSCEN                           00000003
T1SYNC                            00000002
T2CKPS0                           00000000
T2CKPS1                           00000001
T2CON                             00000012
TECLA                             00000020
TECLADO                           0000001B
TEMP_STATUS                       00000025
TEMP_W                            00000024
TMR0                              00000001
TMR0IE                            00000005
TMR0IF                            00000002
TMR1                              0000000E
TMR1CS                            00000001
TMR1H                             0000000F
TMR1IE                            00000000
TMR1IF                            00000000
TMR1L                             0000000E
TMR1ON                            00000000
MPASM  5.51                       TECLADO.ASM   6-10-2014  0:37:07         PAGE  9


SYMBOL TABLE
  LABEL                             VALUE 

TMR2                              00000011
TMR2IE                            00000001
TMR2IF                            00000001
TMR2ON                            00000002
TOUTPS0                           00000003
TOUTPS1                           00000004
TOUTPS2                           00000005
TOUTPS3                           00000006
TRISA                             00000085
TRISA0                            00000000
TRISA1                            00000001
TRISA2                            00000002
TRISA3                            00000003
TRISA4                            00000004
TRISA5                            00000005
TRISB                             00000086
TRISB0                            00000000
TRISB1                            00000001
TRISB2                            00000002
TRISB3                            00000003
TRISB4                            00000004
TRISB5                            00000005
TRISB6                            00000006
TRISB7                            00000007
TRISC                             00000087
TRISC0                            00000000
TRISC1                            00000001
TRISC2                            00000002
TRISC3                            00000003
TRISC4                            00000004
TRISC5                            00000005
TRISC6                            00000006
TRISC7                            00000007
TRISD                             00000088
TRISD0                            00000000
TRISD1                            00000001
TRISD2                            00000002
TRISD3                            00000003
TRISD4                            00000004
TRISD5                            00000005
TRISD6                            00000006
TRISD7                            00000007
TRISE                             00000089
TRISE0                            00000000
TRISE1                            00000001
TRISE2                            00000002
TRMT                              00000001
TX8_9                             00000006
TX9                               00000006
TX9D                              00000000
TXD8                              00000000
TXEN                              00000005
TXIE                              00000004
MPASM  5.51                       TECLADO.ASM   6-10-2014  0:37:07         PAGE 10


SYMBOL TABLE
  LABEL                             VALUE 

TXIF                              00000004
TXREG                             00000019
TXSTA                             00000098
UA                                00000001
W                                 00000000
WCOL                              00000007
WR                                00000001
WREN                              00000002
WRERR                             00000003
Z                                 00000002
_BODEN_OFF                        00003FBF
_BODEN_ON                         00003FFF
_BOREN_OFF                        00003FBF
_BOREN_ON                         00003FFF
_CONFIG                           00002007
_CPD_OFF                          00003FFF
_CPD_ON                           00003EFF
_CP_ALL                           00001FFF
_CP_OFF                           00003FFF
_CP_ON                            00001FFF
_DEBUG_OFF                        00003FFF
_DEBUG_ON                         000037FF
_DEVID1                           00002006
_FOSC_EXTRC                       00003FFF
_FOSC_HS                          00003FFE
_FOSC_LP                          00003FFC
_FOSC_XT                          00003FFD
_HS_OSC                           00003FFE
_IDLOC0                           00002000
_IDLOC1                           00002001
_IDLOC2                           00002002
_IDLOC3                           00002003
_LP_OSC                           00003FFC
_LVP_OFF                          00003F7F
_LVP_ON                           00003FFF
_PWRTE_OFF                        00003FFF
_PWRTE_ON                         00003FF7
_RC_OSC                           00003FFF
_WDTE_OFF                         00003FFB
_WDTE_ON                          00003FFF
_WDT_OFF                          00003FFB
_WDT_ON                           00003FFF
_WRT_1FOURTH                      00003BFF
_WRT_256                          00003DFF
_WRT_HALF                         000039FF
_WRT_OFF                          00003FFF
_XT_OSC                           00003FFD
__16F877A                         00000001
__DEBUG                           1
MPASM  5.51                       TECLADO.ASM   6-10-2014  0:37:07         PAGE 11


MEMORY USAGE MAP ('X' = Used,  '-' = Unused)


0000 : X---XXXXXXXXXXXX XXXXXXXXXXXXXXXX XXXXXXXXXXXXXXXX XXXXXXXXXXXXXXXX
0040 : XXXXXXXXXXXXXXXX XXXX------------ ---------------- ----------------
2000 : -------X-------- ---------------- ---------------- ----------------

All other memory blocks unused.

Program Memory Words Used:    81
Program Memory Words Free:  8111


Errors   :     0
Warnings :     5 reported,     0 suppressed
Messages :     3 reported,     0 suppressed

