MPASM  5.51                         RXBCD.ASM   6-9-2014  23:04:24         PAGE  1


LOC  OBJECT CODE     LINE SOURCE TEXT
  VALUE

                      00001 ;RECEPTOR
                      00002 #INCLUDE "P16F877A.INC"
                      00001         LIST
                      00002 
                      00003 ;==========================================================================
                      00004 ;  MPASM PIC16F877A processor include
                      00005 ; 
                      00006 ;  (c) Copyright 1999-2013 Microchip Technology, All rights reserved
                      00007 ;==========================================================================
                      00008 
                      00566         LIST
                      00003 
Warning[205]: Found directive in column 1. (__config)
2007   3F31           00004 __config _XT_OSC & _WDT_OFF & _LVP_OFF & _CP_OFF & _BODEN_OFF & _PWRTE_ON
                      00005 
  00000020            00006 REG1    EQU             0X20
  00000021            00007 REG2    EQU             0X21
  00000022            00008 REG3    EQU             0X22
  00000023            00009 RECIVO          EQU             0X23
  00000024            00010 TEMP_W          EQU             0X24
  00000025            00011 TEMP_STATUS             EQU             0X25    
                      00012 
0000                  00013         ORG 0X00
                      00014         
0000   2811           00015         GOTO CONFIGURACION
                      00016 
0004                  00017         ORG 0X04
0004   00A4           00018         MOVWF   TEMP_W          ;***************************
0005   0E03           00019         SWAPF   STATUS,W        ;SE GUARDA W Y STATUS
0006   00A5           00020         MOVWF   TEMP_STATUS     ;*****************************
                      00021 
0007   1283 1303      00022         BANKSEL RCREG   ;**************************************************
0009   081A           00023         MOVF    RCREG,W ;LO QUE SE RECIVE SE MUESTRA EN EL PUERTOB
000A   2025           00024         CALL    TABLA   ;PARA MOSTRAR EN UN DISPLAYS
000B   0086           00025         MOVWF   PORTB   ;**************************************************
                      00026 
000C   0E25           00027         SWAPF   TEMP_STATUS,W   ;**************************************
000D   0083           00028         MOVWF   STATUS                  ;SE RECUPERA W Y STATUS
000E   0EA4           00029         SWAPF   TEMP_W,F                ;
000F   0E24           00030         SWAPF   TEMP_W,W                ;**************************************
0010   0009           00031         RETFIE
                      00032                 
                      00033 
                      00034         
0011                  00035 CONFIGURACION:
                      00036 
0011   1683           00037         BSF    STATUS,RP0     ; Pongo 1 en el RP0 de status
0012   1303           00038         BCF    STATUS,RP1       ; Pongo 0 en RP1 y estoy en banco 1.
Message[302]: Register in operand not in bank 0.  Ensure that bank bits are correct.
0013   1787           00039         BSF             TRISC,7 ;RX SERIAL (ENTRADA)
Message[302]: Register in operand not in bank 0.  Ensure that bank bits are correct.
0014   1307           00040         BCF             TRISC,6 ;TX SERIAL (SALIDA)
0015   3019           00041         MOVLW   0X19 ; CARGO AL REGISTRO SPBRG CON 25 PARA TENER EL MENOR PORCENTAJE DE BITS ERRADOS SEG
MPASM  5.51                         RXBCD.ASM   6-9-2014  23:04:24         PAGE  2


LOC  OBJECT CODE     LINE SOURCE TEXT
  VALUE

                            UN EL CALCULO
Message[302]: Register in operand not in bank 0.  Ensure that bank bits are correct.
0016   0099           00042         MOVWF   SPBRG
                      00043 
                      00044 ;COFIGURO SALIDAS
Message[302]: Register in operand not in bank 0.  Ensure that bank bits are correct.
0017   0186           00045         CLRF    TRISB ; TODAS SALIDAS
                      00046         
                      00047 
                      00048 ;CONFIFIRO EL REGISTO TXSTA 
Message[302]: Register in operand not in bank 0.  Ensure that bank bits are correct.
0018   0198           00049         CLRF    TXSTA
                      00050 ;       BCF             TXSTA,7
Message[302]: Register in operand not in bank 0.  Ensure that bank bits are correct.
0019   1318           00051         BCF             TXSTA,6;        ES PARA EL 9no BIT (8 BIT EN ESTE CASO)
Message[302]: Register in operand not in bank 0.  Ensure that bank bits are correct.
001A   1698           00052         BSF             TXSTA,5; HABILITO EL TRANSMISOR
Message[302]: Register in operand not in bank 0.  Ensure that bank bits are correct.
001B   1518           00053         BSF             TXSTA,2 ;SELECCIONO LA VELOCIDAD ALTA
Message[302]: Register in operand not in bank 0.  Ensure that bank bits are correct.
001C   1218           00054         BCF             TXSTA,4;LO PONES EN MODO ASINCRONICO
                      00055 
                      00056 ;INTERRUPCION POR RECEPCION     
001D   178B           00057         BSF             INTCON,7 ; HABILITO LAS INTERRUPCIONES GLOBALES
001E   170B           00058         BSF             INTCON,6 ; HABILITO LAS INTERRUPCIONES POR PERIFERICOS
Message[302]: Register in operand not in bank 0.  Ensure that bank bits are correct.
001F   168C           00059         BSF             PIE1,5;HABILITA QUE SE TE INTERRUMPA CUANDO RECIBE
                      00060 
                      00061 ;CONFIGURO EL REGISTRO RCSTA
0020   1283           00062         BCF    STATUS,RP0     ; Pongo 0 en el RP0 de status y estoy en banco 0.
0021   1798           00063         BSF             RCSTA,7 ; HABILITO TODO EL MODULO PARA COMUNICACION SERIAL
0022   1318           00064         BCF             RCSTA,6; DESABILITO RX DEL BIT 9
0023   1618           00065         BSF             RCSTA,4 ; HABILITO LA RECEPCION 
                      00066 ;*********************************************************************************
                      00067 
                      00068         
                      00069 
0024                  00070 SIGO:
                      00071         
0024   2824           00072         GOTO    SIGO
                      00073 
0025                  00074 TABLA:
0025   0782           00075                 ADDWF   PCL,F
0026   3440           00076                 RETLW   B'01000000';0
0027   3479           00077                 RETLW   B'01111001';1
0028   3424           00078                 RETLW   B'00100100';2
0029   3430           00079                 RETLW   B'00110000';3
002A   3419           00080                 RETLW   B'00011001';4
002B   3412           00081                 RETLW   B'00010010';5
002C   3403           00082                 RETLW   B'00000011';6
002D   3478           00083                 RETLW   B'01111000';7
002E   3400           00084                 RETLW   B'00000000';8
002F   3418           00085                 RETLW   B'00011000';9
MPASM  5.51                         RXBCD.ASM   6-9-2014  23:04:24         PAGE  3


LOC  OBJECT CODE     LINE SOURCE TEXT
  VALUE

                      00086 
0030   3408           00087                 RETLW   B'00001000';A
0031   3409           00088                 RETLW   B'00001001';B
0032   3446           00089                 RETLW   B'01000110';C
0033   3440           00090                 RETLW   B'01000000';D
0034   3406           00091                 RETLW   B'00000110';E
0035   340E           00092                 RETLW   B'00001110';F
                      00093 ;ENVIO:
                      00094 
                      00095 ;       MOVWF           TX
                      00096 ;       MOVF            TX,W    
                      00097 ;       BANKSEL         TXSTA   
                      00098 
                      00099 ;ESPERO                 
                      00100         
                      00101 ;       BTFSS           TXSTA,1;ESPERA QUE SE HAYA ENVIADO EL BYTE ANTERIOR PARA ENVIAR UNO NUEVO
                      00102 ;       GOTO            ESPERO
                      00103 ;       BANKSEL         TXREG   
                      00104 ;       MOVWF           TXREG;NI BIEN MUEVE W A TXREG  TE LO ENVIA
                      00105 ;       RETURN
                      00106 
                      00107         END                             
MPASM  5.51                         RXBCD.ASM   6-9-2014  23:04:24         PAGE  4


SYMBOL TABLE
  LABEL                             VALUE 

ACKDT                             00000005
ACKEN                             00000004
ACKSTAT                           00000006
ADCON0                            0000001F
ADCON1                            0000009F
ADCS0                             00000006
ADCS1                             00000007
ADCS2                             00000006
ADDEN                             00000003
ADFM                              00000007
ADIE                              00000006
ADIF                              00000006
ADON                              00000000
ADRESH                            0000001E
ADRESL                            0000009E
BCLIE                             00000003
BCLIF                             00000003
BF                                00000000
BRGH                              00000002
C                                 00000000
C1INV                             00000004
C1OUT                             00000006
C2INV                             00000005
C2OUT                             00000007
CCP1CON                           00000017
CCP1IE                            00000002
CCP1IF                            00000002
CCP1M0                            00000000
CCP1M1                            00000001
CCP1M2                            00000002
CCP1M3                            00000003
CCP1X                             00000005
CCP1Y                             00000004
CCP2CON                           0000001D
CCP2IE                            00000000
CCP2IF                            00000000
CCP2M0                            00000000
CCP2M1                            00000001
CCP2M2                            00000002
CCP2M3                            00000003
CCP2X                             00000005
CCP2Y                             00000004
CCPR1                             00000015
CCPR1H                            00000016
CCPR1L                            00000015
CCPR2                             0000001B
CCPR2H                            0000001C
CCPR2L                            0000001B
CHS0                              00000003
CHS1                              00000004
CHS2                              00000005
CIS                               00000003
CKE                               00000006
MPASM  5.51                         RXBCD.ASM   6-9-2014  23:04:24         PAGE  5


SYMBOL TABLE
  LABEL                             VALUE 

CKP                               00000004
CM0                               00000000
CM1                               00000001
CM2                               00000002
CMCON                             0000009C
CMIE                              00000006
CMIF                              00000006
CONFIGURACION                     00000011
CREN                              00000004
CSRC                              00000007
CVR0                              00000000
CVR1                              00000001
CVR2                              00000002
CVR3                              00000003
CVRCON                            0000009D
CVREN                             00000007
CVROE                             00000006
CVRR                              00000005
D                                 00000005
DATA_ADDRESS                      00000005
DC                                00000001
D_A                               00000005
D_NOT_A                           00000005
EEADR                             0000010D
EEADRH                            0000010F
EECON1                            0000018C
EECON2                            0000018D
EEDATA                            0000010C
EEDATH                            0000010E
EEIE                              00000004
EEIF                              00000004
EEPGD                             00000007
F                                 00000001
FERR                              00000002
FSR                               00000004
GCEN                              00000007
GIE                               00000007
GO                                00000002
GO_DONE                           00000002
GO_NOT_DONE                       00000002
I2C_DATA                          00000005
I2C_READ                          00000002
I2C_START                         00000003
I2C_STOP                          00000004
IBF                               00000007
IBOV                              00000005
INDF                              00000000
INTCON                            0000000B
INTE                              00000004
INTEDG                            00000006
INTF                              00000001
IRP                               00000007
NOT_A                             00000005
MPASM  5.51                         RXBCD.ASM   6-9-2014  23:04:24         PAGE  6


SYMBOL TABLE
  LABEL                             VALUE 

NOT_ADDRESS                       00000005
NOT_BO                            00000000
NOT_BOR                           00000000
NOT_DONE                          00000002
NOT_PD                            00000003
NOT_POR                           00000001
NOT_RBPU                          00000007
NOT_RC8                           00000006
NOT_T1SYNC                        00000002
NOT_TO                            00000004
NOT_TX8                           00000006
NOT_W                             00000002
NOT_WRITE                         00000002
OBF                               00000006
OERR                              00000001
OPTION_REG                        00000081
P                                 00000004
PCFG0                             00000000
PCFG1                             00000001
PCFG2                             00000002
PCFG3                             00000003
PCL                               00000002
PCLATH                            0000000A
PCON                              0000008E
PEIE                              00000006
PEN                               00000002
PIE1                              0000008C
PIE2                              0000008D
PIR1                              0000000C
PIR2                              0000000D
PORTA                             00000005
PORTB                             00000006
PORTC                             00000007
PORTD                             00000008
PORTE                             00000009
PR2                               00000092
PS0                               00000000
PS1                               00000001
PS2                               00000002
PSA                               00000003
PSPIE                             00000007
PSPIF                             00000007
PSPMODE                           00000004
R                                 00000002
RA0                               00000000
RA1                               00000001
RA2                               00000002
RA3                               00000003
RA4                               00000004
RA5                               00000005
RB0                               00000000
RB1                               00000001
RB2                               00000002
MPASM  5.51                         RXBCD.ASM   6-9-2014  23:04:24         PAGE  7


SYMBOL TABLE
  LABEL                             VALUE 

RB3                               00000003
RB4                               00000004
RB5                               00000005
RB6                               00000006
RB7                               00000007
RBIE                              00000003
RBIF                              00000000
RC0                               00000000
RC1                               00000001
RC2                               00000002
RC3                               00000003
RC4                               00000004
RC5                               00000005
RC6                               00000006
RC7                               00000007
RC8_9                             00000006
RC9                               00000006
RCD8                              00000000
RCEN                              00000003
RCIE                              00000005
RCIF                              00000005
RCREG                             0000001A
RCSTA                             00000018
RD                                00000000
RD0                               00000000
RD1                               00000001
RD2                               00000002
RD3                               00000003
RD4                               00000004
RD5                               00000005
RD6                               00000006
RD7                               00000007
RE0                               00000000
RE1                               00000001
RE2                               00000002
READ_WRITE                        00000002
RECIVO                            00000023
REG1                              00000020
REG2                              00000021
REG3                              00000022
RP0                               00000005
RP1                               00000006
RSEN                              00000001
RX9                               00000006
RX9D                              00000000
R_NOT_W                           00000002
R_W                               00000002
S                                 00000003
SEN                               00000000
SIGO                              00000024
SMP                               00000007
SPBRG                             00000099
SPEN                              00000007
MPASM  5.51                         RXBCD.ASM   6-9-2014  23:04:24         PAGE  8


SYMBOL TABLE
  LABEL                             VALUE 

SREN                              00000005
SSPADD                            00000093
SSPBUF                            00000013
SSPCON                            00000014
SSPCON2                           00000091
SSPEN                             00000005
SSPIE                             00000003
SSPIF                             00000003
SSPM0                             00000000
SSPM1                             00000001
SSPM2                             00000002
SSPM3                             00000003
SSPOV                             00000006
SSPSTAT                           00000094
STATUS                            00000003
SYNC                              00000004
T0CS                              00000005
T0IE                              00000005
T0IF                              00000002
T0SE                              00000004
T1CKPS0                           00000004
T1CKPS1                           00000005
T1CON                             00000010
T1INSYNC                          00000002
T1OSCEN                           00000003
T1SYNC                            00000002
T2CKPS0                           00000000
T2CKPS1                           00000001
T2CON                             00000012
TABLA                             00000025
TEMP_STATUS                       00000025
TEMP_W                            00000024
TMR0                              00000001
TMR0IE                            00000005
TMR0IF                            00000002
TMR1                              0000000E
TMR1CS                            00000001
TMR1H                             0000000F
TMR1IE                            00000000
TMR1IF                            00000000
TMR1L                             0000000E
TMR1ON                            00000000
TMR2                              00000011
TMR2IE                            00000001
TMR2IF                            00000001
TMR2ON                            00000002
TOUTPS0                           00000003
TOUTPS1                           00000004
TOUTPS2                           00000005
TOUTPS3                           00000006
TRISA                             00000085
TRISA0                            00000000
TRISA1                            00000001
MPASM  5.51                         RXBCD.ASM   6-9-2014  23:04:24         PAGE  9


SYMBOL TABLE
  LABEL                             VALUE 

TRISA2                            00000002
TRISA3                            00000003
TRISA4                            00000004
TRISA5                            00000005
TRISB                             00000086
TRISB0                            00000000
TRISB1                            00000001
TRISB2                            00000002
TRISB3                            00000003
TRISB4                            00000004
TRISB5                            00000005
TRISB6                            00000006
TRISB7                            00000007
TRISC                             00000087
TRISC0                            00000000
TRISC1                            00000001
TRISC2                            00000002
TRISC3                            00000003
TRISC4                            00000004
TRISC5                            00000005
TRISC6                            00000006
TRISC7                            00000007
TRISD                             00000088
TRISD0                            00000000
TRISD1                            00000001
TRISD2                            00000002
TRISD3                            00000003
TRISD4                            00000004
TRISD5                            00000005
TRISD6                            00000006
TRISD7                            00000007
TRISE                             00000089
TRISE0                            00000000
TRISE1                            00000001
TRISE2                            00000002
TRMT                              00000001
TX8_9                             00000006
TX9                               00000006
TX9D                              00000000
TXD8                              00000000
TXEN                              00000005
TXIE                              00000004
TXIF                              00000004
TXREG                             00000019
TXSTA                             00000098
UA                                00000001
W                                 00000000
WCOL                              00000007
WR                                00000001
WREN                              00000002
WRERR                             00000003
Z                                 00000002
_BODEN_OFF                        00003FBF
MPASM  5.51                         RXBCD.ASM   6-9-2014  23:04:24         PAGE 10


SYMBOL TABLE
  LABEL                             VALUE 

_BODEN_ON                         00003FFF
_BOREN_OFF                        00003FBF
_BOREN_ON                         00003FFF
_CONFIG                           00002007
_CPD_OFF                          00003FFF
_CPD_ON                           00003EFF
_CP_ALL                           00001FFF
_CP_OFF                           00003FFF
_CP_ON                            00001FFF
_DEBUG_OFF                        00003FFF
_DEBUG_ON                         000037FF
_DEVID1                           00002006
_FOSC_EXTRC                       00003FFF
_FOSC_HS                          00003FFE
_FOSC_LP                          00003FFC
_FOSC_XT                          00003FFD
_HS_OSC                           00003FFE
_IDLOC0                           00002000
_IDLOC1                           00002001
_IDLOC2                           00002002
_IDLOC3                           00002003
_LP_OSC                           00003FFC
_LVP_OFF                          00003F7F
_LVP_ON                           00003FFF
_PWRTE_OFF                        00003FFF
_PWRTE_ON                         00003FF7
_RC_OSC                           00003FFF
_WDTE_OFF                         00003FFB
_WDTE_ON                          00003FFF
_WDT_OFF                          00003FFB
_WDT_ON                           00003FFF
_WRT_1FOURTH                      00003BFF
_WRT_256                          00003DFF
_WRT_HALF                         000039FF
_WRT_OFF                          00003FFF
_XT_OSC                           00003FFD
__16F877A                         00000001
__DEBUG                           1


MEMORY USAGE MAP ('X' = Used,  '-' = Unused)

0000 : X---XXXXXXXXXXXX XXXXXXXXXXXXXXXX XXXXXXXXXXXXXXXX XXXXXX----------
2000 : -------X-------- ---------------- ---------------- ----------------

All other memory blocks unused.

Program Memory Words Used:    51
Program Memory Words Free:  8141


MPASM  5.51                         RXBCD.ASM   6-9-2014  23:04:24         PAGE 11





Errors   :     0
Warnings :     1 reported,     0 suppressed
Messages :    10 reported,     0 suppressed

