MPASM  5.51       TAREA1 CON INTERRUPCION.ASM   6-3-2014  22:06:07         PAGE  1


LOC  OBJECT CODE     LINE SOURCE TEXT
  VALUE

Warning[205]: Found directive in column 1. (INCLUDE)
                      00001 INCLUDE "P16F877A.INC"
                      00001         LIST
                      00002 
                      00003 ;==========================================================================
                      00004 ;  MPASM PIC16F877A processor include
                      00005 ; 
                      00006 ;  (c) Copyright 1999-2013 Microchip Technology, All rights reserved
                      00007 ;==========================================================================
                      00008 
                      00566         LIST
                      00002 
  00000020            00003 CONTROL EQU 0X20
  00000021            00004 RB              EQU     0X21
  00000022            00005 CUENTA  EQU     0X22
  00000023            00006 CERO    EQU     0X23
  00000024            00007 STATUS_TEMP     EQU     0X24
  00000025            00008 W_TEMP  EQU     0X25
                      00009 
                      00010         ORG 0X00
0000   2???           00011         GOTO INICIO
                      00012         ORG     0X04
0004   00A5           00013         MOVWF   W_TEMP
0005   0EA5           00014         SWAPF   W_TEMP,F
0006   0E03           00015         SWAPF   STATUS,W
0007   00A4           00016         MOVWF   STATUS_TEMP
                      00017         
0008   190B           00018         BTFSC   INTCON,TMR0IF
0009   2???           00019         GOTO    TIEMPO
000A   188B           00020         BTFSC   INTCON,INTF
000B   2???           00021         GOTO    INTRB0
000C   2???           00022         GOTO    RECUPERAR
                      00023 
000D                  00024 TIEMPO
000D   0BA0           00025         DECFSZ  CONTROL,F
000E   2???           00026         GOTO    SIGO
000F   1023           00027         BCF             CERO,0
0010                  00028 SIGO
0010   309C           00029         MOVLW   D'156'
0011   0081           00030         MOVWF   TMR0
0012   110B           00031         BCF             INTCON,TMR0IF
0013   2???           00032         GOTO    RECUPERAR
0014                  00033 INTRB0
0014   108B           00034         BCF             INTCON,INTF
0015   1821           00035         BTFSC   RB,0
0016   2???           00036         GOTO    UNO
0017   2???           00037         GOTO    CEROS
0018                  00038 UNO     
0018   1421           00039         BSF             RB,0
0019   2???           00040         GOTO    RECUPERAR
001A                  00041 CEROS
001A   1021           00042         BCF             RB,0
001B   2???           00043         GOTO    RECUPERAR
MPASM  5.51       TAREA1 CON INTERRUPCION.ASM   6-3-2014  22:06:07         PAGE  2


LOC  OBJECT CODE     LINE SOURCE TEXT
  VALUE

001C                  00044 RECUPERAR
001C   0E24           00045         SWAPF   STATUS_TEMP,W
001D   0083           00046         MOVWF   STATUS
001E   0E25           00047         SWAPF   W_TEMP,W
001F   0009           00048         RETFIE
0020                  00049 INICIO:
0020   1683 1303      00050         BANKSEL TRISB
0022   3045           00051         MOVLW   B'01000101'
Message[302]: Register in operand not in bank 0.  Ensure that bank bits are correct.
0023   0081           00052         MOVWF   OPTION_REG
0024   3001           00053         MOVLW   B'00000001'
Message[302]: Register in operand not in bank 0.  Ensure that bank bits are correct.
0025   0086           00054         MOVWF   TRISB
0026   30B0           00055         MOVLW   B'10110000'
0027   008B           00056         MOVWF   INTCON
0028   309C           00057         MOVLW   D'156'
0029   1283 1303      00058         BANKSEL PORTB
002B   300D           00059         MOVLW   D'13'
002C   00A2           00060         MOVWF   CUENTA
                      00061         
002D                  00062 PRINCIPAL:
002D   1823           00063         BTFSC   CERO,0
002E   2???           00064         GOTO    PRINCIPAL
002F   1C21           00065         BTFSS   RB,0
0030   2???           00066         GOTO    SIMPLE
0031   2???           00067         GOTO    DOBLE
0032                  00068 SIMPLE
0032   300A           00069         MOVLW   D'10'
0033   00A0           00070         MOVWF   CONTROL
0034   2???           00071         GOTO    SEGUIR
0035                  00072 DOBLE   
0035   3014           00073         MOVLW   D'20'
0036   00A0           00074         MOVWF   CONTROL
0037   2???           00075         GOTO    SEGUIR
0038                  00076 SEGUIR
0038   1023           00077         BCF             CERO,0
0039   0822           00078         MOVF    CUENTA,W
003A   2???           00079         CALL    TABLA
003B   0086           00080         MOVWF   PORTB
003C   0BA2           00081         DECFSZ  CUENTA,F
003D   2???           00082         GOTO    PRINCIPAL
003E   300D           00083         MOVLW   D'13'
003F   00A2           00084         MOVWF   CUENTA
0040   2???           00085         GOTO    PRINCIPAL
                      00086         
0041                  00087 TABLA
0041   0782           00088         ADDWF   PCL,F
0042   347F           00089         RETLW   B'01111111'     
0043   34BF           00090         RETLW   B'10111111'
0044   34DF           00091         RETLW   B'11011111'
0045   34EF           00092         RETLW   B'11101111'
0046   34F7           00093         RETLW   B'11110111'
0047   34FB           00094         RETLW   B'11111011'
MPASM  5.51       TAREA1 CON INTERRUPCION.ASM   6-3-2014  22:06:07         PAGE  3


LOC  OBJECT CODE     LINE SOURCE TEXT
  VALUE

0048   34FD           00095         RETLW   B'11111101'
0049   34FB           00096         RETLW   B'11111011'
004A   34F7           00097         RETLW   B'11110111'
004B   34EF           00098         RETLW   B'11101111'
004C   34DF           00099         RETLW   B'11011111'
004D   34BF           00100         RETLW   B'10111111'
004E   347F           00101         RETLW   B'01111111'
                      00102         END
MPASM  5.51       TAREA1 CON INTERRUPCION.ASM   6-3-2014  22:06:07         PAGE  4


SYMBOL TABLE
  LABEL                             VALUE 

ACKDT                             00000005
ACKEN                             00000004
ACKSTAT                           00000006
ADCON0                            0000001F
ADCON1                            0000009F
ADCS0                             00000006
ADCS1                             00000007
ADCS2                             00000006
ADDEN                             00000003
ADFM                              00000007
ADIE                              00000006
ADIF                              00000006
ADON                              00000000
ADRESH                            0000001E
ADRESL                            0000009E
BCLIE                             00000003
BCLIF                             00000003
BF                                00000000
BRGH                              00000002
C                                 00000000
C1INV                             00000004
C1OUT                             00000006
C2INV                             00000005
C2OUT                             00000007
CCP1CON                           00000017
CCP1IE                            00000002
CCP1IF                            00000002
CCP1M0                            00000000
CCP1M1                            00000001
CCP1M2                            00000002
CCP1M3                            00000003
CCP1X                             00000005
CCP1Y                             00000004
CCP2CON                           0000001D
CCP2IE                            00000000
CCP2IF                            00000000
CCP2M0                            00000000
CCP2M1                            00000001
CCP2M2                            00000002
CCP2M3                            00000003
CCP2X                             00000005
CCP2Y                             00000004
CCPR1                             00000015
CCPR1H                            00000016
CCPR1L                            00000015
CCPR2                             0000001B
CCPR2H                            0000001C
CCPR2L                            0000001B
CERO                              00000023
CEROS                             0000001A
CHS0                              00000003
CHS1                              00000004
CHS2                              00000005
MPASM  5.51       TAREA1 CON INTERRUPCION.ASM   6-3-2014  22:06:07         PAGE  5


SYMBOL TABLE
  LABEL                             VALUE 

CIS                               00000003
CKE                               00000006
CKP                               00000004
CM0                               00000000
CM1                               00000001
CM2                               00000002
CMCON                             0000009C
CMIE                              00000006
CMIF                              00000006
CONTROL                           00000020
CREN                              00000004
CSRC                              00000007
CUENTA                            00000022
CVR0                              00000000
CVR1                              00000001
CVR2                              00000002
CVR3                              00000003
CVRCON                            0000009D
CVREN                             00000007
CVROE                             00000006
CVRR                              00000005
D                                 00000005
DATA_ADDRESS                      00000005
DC                                00000001
DOBLE                             00000035
D_A                               00000005
D_NOT_A                           00000005
EEADR                             0000010D
EEADRH                            0000010F
EECON1                            0000018C
EECON2                            0000018D
EEDATA                            0000010C
EEDATH                            0000010E
EEIE                              00000004
EEIF                              00000004
EEPGD                             00000007
F                                 00000001
FERR                              00000002
FSR                               00000004
GCEN                              00000007
GIE                               00000007
GO                                00000002
GO_DONE                           00000002
GO_NOT_DONE                       00000002
I2C_DATA                          00000005
I2C_READ                          00000002
I2C_START                         00000003
I2C_STOP                          00000004
IBF                               00000007
IBOV                              00000005
INDF                              00000000
INICIO                            00000020
INTCON                            0000000B
MPASM  5.51       TAREA1 CON INTERRUPCION.ASM   6-3-2014  22:06:07         PAGE  6


SYMBOL TABLE
  LABEL                             VALUE 

INTE                              00000004
INTEDG                            00000006
INTF                              00000001
INTRB0                            00000014
IRP                               00000007
NOT_A                             00000005
NOT_ADDRESS                       00000005
NOT_BO                            00000000
NOT_BOR                           00000000
NOT_DONE                          00000002
NOT_PD                            00000003
NOT_POR                           00000001
NOT_RBPU                          00000007
NOT_RC8                           00000006
NOT_T1SYNC                        00000002
NOT_TO                            00000004
NOT_TX8                           00000006
NOT_W                             00000002
NOT_WRITE                         00000002
OBF                               00000006
OERR                              00000001
OPTION_REG                        00000081
P                                 00000004
PCFG0                             00000000
PCFG1                             00000001
PCFG2                             00000002
PCFG3                             00000003
PCL                               00000002
PCLATH                            0000000A
PCON                              0000008E
PEIE                              00000006
PEN                               00000002
PIE1                              0000008C
PIE2                              0000008D
PIR1                              0000000C
PIR2                              0000000D
PORTA                             00000005
PORTB                             00000006
PORTC                             00000007
PORTD                             00000008
PORTE                             00000009
PR2                               00000092
PRINCIPAL                         0000002D
PS0                               00000000
PS1                               00000001
PS2                               00000002
PSA                               00000003
PSPIE                             00000007
PSPIF                             00000007
PSPMODE                           00000004
R                                 00000002
RA0                               00000000
RA1                               00000001
MPASM  5.51       TAREA1 CON INTERRUPCION.ASM   6-3-2014  22:06:07         PAGE  7


SYMBOL TABLE
  LABEL                             VALUE 

RA2                               00000002
RA3                               00000003
RA4                               00000004
RA5                               00000005
RB                                00000021
RB0                               00000000
RB1                               00000001
RB2                               00000002
RB3                               00000003
RB4                               00000004
RB5                               00000005
RB6                               00000006
RB7                               00000007
RBIE                              00000003
RBIF                              00000000
RC0                               00000000
RC1                               00000001
RC2                               00000002
RC3                               00000003
RC4                               00000004
RC5                               00000005
RC6                               00000006
RC7                               00000007
RC8_9                             00000006
RC9                               00000006
RCD8                              00000000
RCEN                              00000003
RCIE                              00000005
RCIF                              00000005
RCREG                             0000001A
RCSTA                             00000018
RD                                00000000
RD0                               00000000
RD1                               00000001
RD2                               00000002
RD3                               00000003
RD4                               00000004
RD5                               00000005
RD6                               00000006
RD7                               00000007
RE0                               00000000
RE1                               00000001
RE2                               00000002
READ_WRITE                        00000002
RECUPERAR                         0000001C
RP0                               00000005
RP1                               00000006
RSEN                              00000001
RX9                               00000006
RX9D                              00000000
R_NOT_W                           00000002
R_W                               00000002
S                                 00000003
MPASM  5.51       TAREA1 CON INTERRUPCION.ASM   6-3-2014  22:06:07         PAGE  8


SYMBOL TABLE
  LABEL                             VALUE 

SEGUIR                            00000038
SEN                               00000000
SIGO                              00000010
SIMPLE                            00000032
SMP                               00000007
SPBRG                             00000099
SPEN                              00000007
SREN                              00000005
SSPADD                            00000093
SSPBUF                            00000013
SSPCON                            00000014
SSPCON2                           00000091
SSPEN                             00000005
SSPIE                             00000003
SSPIF                             00000003
SSPM0                             00000000
SSPM1                             00000001
SSPM2                             00000002
SSPM3                             00000003
SSPOV                             00000006
SSPSTAT                           00000094
STATUS                            00000003
STATUS_TEMP                       00000024
SYNC                              00000004
T0CS                              00000005
T0IE                              00000005
T0IF                              00000002
T0SE                              00000004
T1CKPS0                           00000004
T1CKPS1                           00000005
T1CON                             00000010
T1INSYNC                          00000002
T1OSCEN                           00000003
T1SYNC                            00000002
T2CKPS0                           00000000
T2CKPS1                           00000001
T2CON                             00000012
TABLA                             00000041
TIEMPO                            0000000D
TMR0                              00000001
TMR0IE                            00000005
TMR0IF                            00000002
TMR1                              0000000E
TMR1CS                            00000001
TMR1H                             0000000F
TMR1IE                            00000000
TMR1IF                            00000000
TMR1L                             0000000E
TMR1ON                            00000000
TMR2                              00000011
TMR2IE                            00000001
TMR2IF                            00000001
TMR2ON                            00000002
MPASM  5.51       TAREA1 CON INTERRUPCION.ASM   6-3-2014  22:06:07         PAGE  9


SYMBOL TABLE
  LABEL                             VALUE 

TOUTPS0                           00000003
TOUTPS1                           00000004
TOUTPS2                           00000005
TOUTPS3                           00000006
TRISA                             00000085
TRISA0                            00000000
TRISA1                            00000001
TRISA2                            00000002
TRISA3                            00000003
TRISA4                            00000004
TRISA5                            00000005
TRISB                             00000086
TRISB0                            00000000
TRISB1                            00000001
TRISB2                            00000002
TRISB3                            00000003
TRISB4                            00000004
TRISB5                            00000005
TRISB6                            00000006
TRISB7                            00000007
TRISC                             00000087
TRISC0                            00000000
TRISC1                            00000001
TRISC2                            00000002
TRISC3                            00000003
TRISC4                            00000004
TRISC5                            00000005
TRISC6                            00000006
TRISC7                            00000007
TRISD                             00000088
TRISD0                            00000000
TRISD1                            00000001
TRISD2                            00000002
TRISD3                            00000003
TRISD4                            00000004
TRISD5                            00000005
TRISD6                            00000006
TRISD7                            00000007
TRISE                             00000089
TRISE0                            00000000
TRISE1                            00000001
TRISE2                            00000002
TRMT                              00000001
TX8_9                             00000006
TX9                               00000006
TX9D                              00000000
TXD8                              00000000
TXEN                              00000005
TXIE                              00000004
TXIF                              00000004
TXREG                             00000019
TXSTA                             00000098
UA                                00000001
MPASM  5.51       TAREA1 CON INTERRUPCION.ASM   6-3-2014  22:06:07         PAGE 10


SYMBOL TABLE
  LABEL                             VALUE 

UNO                               00000018
W                                 00000000
WCOL                              00000007
WR                                00000001
WREN                              00000002
WRERR                             00000003
W_TEMP                            00000025
Z                                 00000002
_BODEN_OFF                        00003FBF
_BODEN_ON                         00003FFF
_BOREN_OFF                        00003FBF
_BOREN_ON                         00003FFF
_CONFIG                           00002007
_CPD_OFF                          00003FFF
_CPD_ON                           00003EFF
_CP_ALL                           00001FFF
_CP_OFF                           00003FFF
_CP_ON                            00001FFF
_DEBUG_OFF                        00003FFF
_DEBUG_ON                         000037FF
_DEVID1                           00002006
_FOSC_EXTRC                       00003FFF
_FOSC_HS                          00003FFE
_FOSC_LP                          00003FFC
_FOSC_XT                          00003FFD
_HS_OSC                           00003FFE
_IDLOC0                           00002000
_IDLOC1                           00002001
_IDLOC2                           00002002
_IDLOC3                           00002003
_LP_OSC                           00003FFC
_LVP_OFF                          00003F7F
_LVP_ON                           00003FFF
_PWRTE_OFF                        00003FFF
_PWRTE_ON                         00003FF7
_RC_OSC                           00003FFF
_WDTE_OFF                         00003FFB
_WDTE_ON                          00003FFF
_WDT_OFF                          00003FFB
_WDT_ON                           00003FFF
_WRT_1FOURTH                      00003BFF
_WRT_256                          00003DFF
_WRT_HALF                         000039FF
_WRT_OFF                          00003FFF
_XT_OSC                           00003FFD
__16F877A                         00000001
__DEBUG                           1

Errors   :     0
Warnings :     1 reported,     0 suppressed
Messages :     2 reported,     0 suppressed

