MPASM  5.51                     DISPLAYS2.ASM   5-15-2014  13:39:35         PAGE  1


LOC  OBJECT CODE     LINE SOURCE TEXT
  VALUE

                      00001 #INCLUDE "P16F877A.INC"
                      00001         LIST
                      00002 
                      00003 ;==========================================================================
                      00004 ;  MPASM PIC16F877A processor include
                      00005 ; 
                      00006 ;  (c) Copyright 1999-2013 Microchip Technology, All rights reserved
                      00007 ;==========================================================================
                      00008 
                      00566         LIST
                      00002 
Warning[205]: Found directive in column 1. (__config)
2007   3F31           00003 __config _XT_OSC & _WDT_OFF & _LVP_OFF & _CP_OFF & _BODEN_OFF & _PWRTE_ON
                      00004 
  00000020            00005 REG1    EQU 0X20
  00000021            00006 REG2    EQU 0X21
  00000022            00007 REG3    EQU 0X22
  00000023            00008 REG4    EQU 0X23
  00000024            00009 REG5    EQU 0X24
  00000025            00010 REG6    EQU 0X25
  00000026            00011 REG7    EQU 0X26
  00000027            00012 REG8    EQU 0X27
  00000030            00013 CUENTA  EQU     0X30
  00000031            00014 SALIDA  EQU     0X31
  00000032            00015 DEMORA  EQU     0X32
  00000033            00016 P1              EQU     0X33
  00000034            00017 P2              EQU     0X34
  00000035            00018 PUNTERO EQU     0X35
                      00019 
0000                  00020                 ORG 0X00
0000                  00021 CONF:
0000   1303           00022                 BCF             STATUS,RP1
0001   1683           00023                 BSF             STATUS,RP0  ;estamos en banco 1
0002   3006           00024                 MOVLW   0x06
Message[302]: Register in operand not in bank 0.  Ensure that bank bits are correct.
0003   009F           00025                 MOVWF   ADCON1    ; paso de analogico a digital
0004   018B           00026                 CLRF    INTCON          ; deshabilito las interrupciones
0005   3080           00027                 MOVLW   B'10000000'
Message[302]: Register in operand not in bank 0.  Ensure that bank bits are correct.
0006   0086           00028                 MOVWF   TRISB           ;dejamos el bit 7 como entrada y resto como salida
0007   30F0           00029                 MOVLW   B'11110000'
Message[302]: Register in operand not in bank 0.  Ensure that bank bits are correct.
0008   0085           00030                 MOVWF   TRISA           
0009   3084           00031                 MOVLW   B'10000100'
Message[302]: Register in operand not in bank 0.  Ensure that bank bits are correct.
000A   0081           00032                 MOVWF   OPTION_REG      ;se configura para que la cuenta se lleve con el clk interno, se
                             asigana el prescaler al modulo TMR0,con un prescaler 1:32
000B   1283           00033                 BCF             STATUS,RP0 ;estamos en banco 0
000C   0186           00034                 CLRF    PORTB
                      00035 
000D                  00036 CARGA_REGISTROS:
000D   3009           00037                 MOVLW   D'9'
000E   00A0           00038                 MOVWF   REG1
MPASM  5.51                     DISPLAYS2.ASM   5-15-2014  13:39:35         PAGE  2


LOC  OBJECT CODE     LINE SOURCE TEXT
  VALUE

000F   3003           00039                 MOVLW   D'3'
0010   00A1           00040                 MOVWF   REG2
0011   3008           00041                 MOVLW   D'8'
0012   00A2           00042                 MOVWF   REG3
0013   3004           00043                 MOVLW   D'4'
0014   00A3           00044                 MOVWF   REG4
                      00045 
0015   3006           00046                 MOVLW   D'6'
0016   00A4           00047                 MOVWF   REG5
0017   3001           00048                 MOVLW   D'1'
0018   00A5           00049                 MOVWF   REG6
0019   3000           00050                 MOVLW   D'0'
001A   00A6           00051                 MOVWF   REG7
001B   3002           00052                 MOVLW   D'2'
001C   00A7           00053                 MOVWF   REG8
                      00054 
001D   3020           00055                 MOVLW   0X20
001E   00B3           00056                 MOVWF   P1
001F   3024           00057                 MOVLW   0X24
0020   00B4           00058                 MOVWF   P2
                      00059 
0021                  00060 PRINCIPAL:
0021   0833           00061                 MOVF    P1,W
0022   2026           00062                 CALL    MOSTRAR
0023   0834           00063                 MOVF    P2,W
0024   2026           00064                 CALL    MOSTRAR
0025   2821           00065                 GOTO    PRINCIPAL
                      00066 
0026                  00067 MOSTRAR:
0026   00B5           00068                 MOVWF   PUNTERO
0027   3032           00069                 MOVLW   D'50'
0028   00B2           00070                 MOVWF   DEMORA
0029                  00071 SEGUIR:
0029   0835           00072                 MOVF    PUNTERO,W
002A   202E           00073                 CALL    DISPLAYS
002B   0BB2           00074                 DECFSZ  DEMORA,F
002C   2829           00075                 GOTO    SEGUIR
002D   0008           00076                 RETURN
                      00077                                 
                      00078 
002E                  00079 DISPLAYS:
002E   0084           00080                 MOVWF   FSR
002F   3004           00081                 MOVLW   D'4'
0030   00B0           00082                 MOVWF   CUENTA
0031   30EF           00083                 MOVLW   0XEF
0032   00B1           00084                 MOVWF   SALIDA
0033   30EF           00085                 MOVLW   0XEF
0034   0085           00086                 MOVWF   PORTA
0035                  00087 VUELVO:         
0035   0800           00088                 MOVF    INDF,W
0036   2042           00089                 CALL    TABLA
0037   0086           00090                 MOVWF   PORTB
0038   0CB1           00091                 RRF             SALIDA,F
MPASM  5.51                     DISPLAYS2.ASM   5-15-2014  13:39:35         PAGE  3


LOC  OBJECT CODE     LINE SOURCE TEXT
  VALUE

0039   0831           00092                 MOVF    SALIDA,W
003A   0085           00093                 MOVWF   PORTA
003B   204D           00094                 CALL    TIEMPO
003C                  00095 ESPERAR:
003C   1D0B           00096                 BTFSS   INTCON,2
003D   283C           00097                 GOTO    ESPERAR
003E   0A84           00098                 INCF    FSR,F
003F   0BB0           00099                 DECFSZ  CUENTA,F
0040   2835           00100                 GOTO    VUELVO
0041   0008           00101                 RETURN
0042                  00102 TABLA:
0042   0782           00103                 ADDWF   PCL,F
0043   3440           00104                 RETLW   B'01000000'
0044   3479           00105                 RETLW   B'01111001'
0045   3424           00106                 RETLW   B'00100100'
0046   3430           00107                 RETLW   B'00110000'
0047   3419           00108                 RETLW   B'00011001'
0048   3412           00109                 RETLW   B'00010010'
0049   3403           00110                 RETLW   B'00000011'
004A   3478           00111                 RETLW   B'01111000'
004B   3400           00112                 RETLW   B'00000000'
004C   3418           00113                 RETLW   B'00011000'
004D                  00114 TIEMPO:
004D   110B           00115                 BCF             INTCON,2
004E   3065           00116                 MOVLW   D'101'
004F   0081           00117                 MOVWF   TMR0
0050   0008           00118                 RETURN
                      00119                 
                      00120                 END
MPASM  5.51                     DISPLAYS2.ASM   5-15-2014  13:39:35         PAGE  4


SYMBOL TABLE
  LABEL                             VALUE 

ACKDT                             00000005
ACKEN                             00000004
ACKSTAT                           00000006
ADCON0                            0000001F
ADCON1                            0000009F
ADCS0                             00000006
ADCS1                             00000007
ADCS2                             00000006
ADDEN                             00000003
ADFM                              00000007
ADIE                              00000006
ADIF                              00000006
ADON                              00000000
ADRESH                            0000001E
ADRESL                            0000009E
BCLIE                             00000003
BCLIF                             00000003
BF                                00000000
BRGH                              00000002
C                                 00000000
C1INV                             00000004
C1OUT                             00000006
C2INV                             00000005
C2OUT                             00000007
CARGA_REGISTROS                   0000000D
CCP1CON                           00000017
CCP1IE                            00000002
CCP1IF                            00000002
CCP1M0                            00000000
CCP1M1                            00000001
CCP1M2                            00000002
CCP1M3                            00000003
CCP1X                             00000005
CCP1Y                             00000004
CCP2CON                           0000001D
CCP2IE                            00000000
CCP2IF                            00000000
CCP2M0                            00000000
CCP2M1                            00000001
CCP2M2                            00000002
CCP2M3                            00000003
CCP2X                             00000005
CCP2Y                             00000004
CCPR1                             00000015
CCPR1H                            00000016
CCPR1L                            00000015
CCPR2                             0000001B
CCPR2H                            0000001C
CCPR2L                            0000001B
CHS0                              00000003
CHS1                              00000004
CHS2                              00000005
CIS                               00000003
MPASM  5.51                     DISPLAYS2.ASM   5-15-2014  13:39:35         PAGE  5


SYMBOL TABLE
  LABEL                             VALUE 

CKE                               00000006
CKP                               00000004
CM0                               00000000
CM1                               00000001
CM2                               00000002
CMCON                             0000009C
CMIE                              00000006
CMIF                              00000006
CONF                              00000000
CREN                              00000004
CSRC                              00000007
CUENTA                            00000030
CVR0                              00000000
CVR1                              00000001
CVR2                              00000002
CVR3                              00000003
CVRCON                            0000009D
CVREN                             00000007
CVROE                             00000006
CVRR                              00000005
D                                 00000005
DATA_ADDRESS                      00000005
DC                                00000001
DEMORA                            00000032
DISPLAYS                          0000002E
D_A                               00000005
D_NOT_A                           00000005
EEADR                             0000010D
EEADRH                            0000010F
EECON1                            0000018C
EECON2                            0000018D
EEDATA                            0000010C
EEDATH                            0000010E
EEIE                              00000004
EEIF                              00000004
EEPGD                             00000007
ESPERAR                           0000003C
F                                 00000001
FERR                              00000002
FSR                               00000004
GCEN                              00000007
GIE                               00000007
GO                                00000002
GO_DONE                           00000002
GO_NOT_DONE                       00000002
I2C_DATA                          00000005
I2C_READ                          00000002
I2C_START                         00000003
I2C_STOP                          00000004
IBF                               00000007
IBOV                              00000005
INDF                              00000000
INTCON                            0000000B
MPASM  5.51                     DISPLAYS2.ASM   5-15-2014  13:39:35         PAGE  6


SYMBOL TABLE
  LABEL                             VALUE 

INTE                              00000004
INTEDG                            00000006
INTF                              00000001
IRP                               00000007
MOSTRAR                           00000026
NOT_A                             00000005
NOT_ADDRESS                       00000005
NOT_BO                            00000000
NOT_BOR                           00000000
NOT_DONE                          00000002
NOT_PD                            00000003
NOT_POR                           00000001
NOT_RBPU                          00000007
NOT_RC8                           00000006
NOT_T1SYNC                        00000002
NOT_TO                            00000004
NOT_TX8                           00000006
NOT_W                             00000002
NOT_WRITE                         00000002
OBF                               00000006
OERR                              00000001
OPTION_REG                        00000081
P                                 00000004
P1                                00000033
P2                                00000034
PCFG0                             00000000
PCFG1                             00000001
PCFG2                             00000002
PCFG3                             00000003
PCL                               00000002
PCLATH                            0000000A
PCON                              0000008E
PEIE                              00000006
PEN                               00000002
PIE1                              0000008C
PIE2                              0000008D
PIR1                              0000000C
PIR2                              0000000D
PORTA                             00000005
PORTB                             00000006
PORTC                             00000007
PORTD                             00000008
PORTE                             00000009
PR2                               00000092
PRINCIPAL                         00000021
PS0                               00000000
PS1                               00000001
PS2                               00000002
PSA                               00000003
PSPIE                             00000007
PSPIF                             00000007
PSPMODE                           00000004
PUNTERO                           00000035
MPASM  5.51                     DISPLAYS2.ASM   5-15-2014  13:39:35         PAGE  7


SYMBOL TABLE
  LABEL                             VALUE 

R                                 00000002
RA0                               00000000
RA1                               00000001
RA2                               00000002
RA3                               00000003
RA4                               00000004
RA5                               00000005
RB0                               00000000
RB1                               00000001
RB2                               00000002
RB3                               00000003
RB4                               00000004
RB5                               00000005
RB6                               00000006
RB7                               00000007
RBIE                              00000003
RBIF                              00000000
RC0                               00000000
RC1                               00000001
RC2                               00000002
RC3                               00000003
RC4                               00000004
RC5                               00000005
RC6                               00000006
RC7                               00000007
RC8_9                             00000006
RC9                               00000006
RCD8                              00000000
RCEN                              00000003
RCIE                              00000005
RCIF                              00000005
RCREG                             0000001A
RCSTA                             00000018
RD                                00000000
RD0                               00000000
RD1                               00000001
RD2                               00000002
RD3                               00000003
RD4                               00000004
RD5                               00000005
RD6                               00000006
RD7                               00000007
RE0                               00000000
RE1                               00000001
RE2                               00000002
READ_WRITE                        00000002
REG1                              00000020
REG2                              00000021
REG3                              00000022
REG4                              00000023
REG5                              00000024
REG6                              00000025
REG7                              00000026
MPASM  5.51                     DISPLAYS2.ASM   5-15-2014  13:39:35         PAGE  8


SYMBOL TABLE
  LABEL                             VALUE 

REG8                              00000027
RP0                               00000005
RP1                               00000006
RSEN                              00000001
RX9                               00000006
RX9D                              00000000
R_NOT_W                           00000002
R_W                               00000002
S                                 00000003
SALIDA                            00000031
SEGUIR                            00000029
SEN                               00000000
SMP                               00000007
SPBRG                             00000099
SPEN                              00000007
SREN                              00000005
SSPADD                            00000093
SSPBUF                            00000013
SSPCON                            00000014
SSPCON2                           00000091
SSPEN                             00000005
SSPIE                             00000003
SSPIF                             00000003
SSPM0                             00000000
SSPM1                             00000001
SSPM2                             00000002
SSPM3                             00000003
SSPOV                             00000006
SSPSTAT                           00000094
STATUS                            00000003
SYNC                              00000004
T0CS                              00000005
T0IE                              00000005
T0IF                              00000002
T0SE                              00000004
T1CKPS0                           00000004
T1CKPS1                           00000005
T1CON                             00000010
T1INSYNC                          00000002
T1OSCEN                           00000003
T1SYNC                            00000002
T2CKPS0                           00000000
T2CKPS1                           00000001
T2CON                             00000012
TABLA                             00000042
TIEMPO                            0000004D
TMR0                              00000001
TMR0IE                            00000005
TMR0IF                            00000002
TMR1                              0000000E
TMR1CS                            00000001
TMR1H                             0000000F
TMR1IE                            00000000
MPASM  5.51                     DISPLAYS2.ASM   5-15-2014  13:39:35         PAGE  9


SYMBOL TABLE
  LABEL                             VALUE 

TMR1IF                            00000000
TMR1L                             0000000E
TMR1ON                            00000000
TMR2                              00000011
TMR2IE                            00000001
TMR2IF                            00000001
TMR2ON                            00000002
TOUTPS0                           00000003
TOUTPS1                           00000004
TOUTPS2                           00000005
TOUTPS3                           00000006
TRISA                             00000085
TRISA0                            00000000
TRISA1                            00000001
TRISA2                            00000002
TRISA3                            00000003
TRISA4                            00000004
TRISA5                            00000005
TRISB                             00000086
TRISB0                            00000000
TRISB1                            00000001
TRISB2                            00000002
TRISB3                            00000003
TRISB4                            00000004
TRISB5                            00000005
TRISB6                            00000006
TRISB7                            00000007
TRISC                             00000087
TRISC0                            00000000
TRISC1                            00000001
TRISC2                            00000002
TRISC3                            00000003
TRISC4                            00000004
TRISC5                            00000005
TRISC6                            00000006
TRISC7                            00000007
TRISD                             00000088
TRISD0                            00000000
TRISD1                            00000001
TRISD2                            00000002
TRISD3                            00000003
TRISD4                            00000004
TRISD5                            00000005
TRISD6                            00000006
TRISD7                            00000007
TRISE                             00000089
TRISE0                            00000000
TRISE1                            00000001
TRISE2                            00000002
TRMT                              00000001
TX8_9                             00000006
TX9                               00000006
TX9D                              00000000
MPASM  5.51                     DISPLAYS2.ASM   5-15-2014  13:39:35         PAGE 10


SYMBOL TABLE
  LABEL                             VALUE 

TXD8                              00000000
TXEN                              00000005
TXIE                              00000004
TXIF                              00000004
TXREG                             00000019
TXSTA                             00000098
UA                                00000001
VUELVO                            00000035
W                                 00000000
WCOL                              00000007
WR                                00000001
WREN                              00000002
WRERR                             00000003
Z                                 00000002
_BODEN_OFF                        00003FBF
_BODEN_ON                         00003FFF
_BOREN_OFF                        00003FBF
_BOREN_ON                         00003FFF
_CONFIG                           00002007
_CPD_OFF                          00003FFF
_CPD_ON                           00003EFF
_CP_ALL                           00001FFF
_CP_OFF                           00003FFF
_CP_ON                            00001FFF
_DEBUG_OFF                        00003FFF
_DEBUG_ON                         000037FF
_DEVID1                           00002006
_FOSC_EXTRC                       00003FFF
_FOSC_HS                          00003FFE
_FOSC_LP                          00003FFC
_FOSC_XT                          00003FFD
_HS_OSC                           00003FFE
_IDLOC0                           00002000
_IDLOC1                           00002001
_IDLOC2                           00002002
_IDLOC3                           00002003
_LP_OSC                           00003FFC
_LVP_OFF                          00003F7F
_LVP_ON                           00003FFF
_PWRTE_OFF                        00003FFF
_PWRTE_ON                         00003FF7
_RC_OSC                           00003FFF
_WDTE_OFF                         00003FFB
_WDTE_ON                          00003FFF
_WDT_OFF                          00003FFB
_WDT_ON                           00003FFF
_WRT_1FOURTH                      00003BFF
_WRT_256                          00003DFF
_WRT_HALF                         000039FF
_WRT_OFF                          00003FFF
_XT_OSC                           00003FFD
__16F877A                         00000001
__DEBUG                           1
MPASM  5.51                     DISPLAYS2.ASM   5-15-2014  13:39:35         PAGE 11


MEMORY USAGE MAP ('X' = Used,  '-' = Unused)


0000 : XXXXXXXXXXXXXXXX XXXXXXXXXXXXXXXX XXXXXXXXXXXXXXXX XXXXXXXXXXXXXXXX
0040 : XXXXXXXXXXXXXXXX X--------------- ---------------- ----------------
2000 : -------X-------- ---------------- ---------------- ----------------

All other memory blocks unused.

Program Memory Words Used:    81
Program Memory Words Free:  8111


Errors   :     0
Warnings :     1 reported,     0 suppressed
Messages :     4 reported,     0 suppressed

